<?xml version="1.0" encoding="UTF-8"?>
<testng-results ignored="0" total="154" passed="137" failed="17" skipped="0">
  <reporter-output>
  </reporter-output>
  <suite started-at="2025-08-21T19:17:39 IST" name="Suite" finished-at="2025-08-21T21:32:31 IST" duration-ms="8092496">
    <groups>
      <group name="cucumber">
        <method signature="AbstractTestNGCucumberTests.runScenario(io.cucumber.testng.PickleWrapper,io.cucumber.testng.FeatureWrapper)[pri:0, instance:com.Capium365.RunnerFiles.Capium365_BankTab_Runner@192c3f1e]" name="runScenario" class="io.cucumber.testng.AbstractTestNGCucumberTests"/>
        <method signature="AbstractTestNGCucumberTests.runScenario(io.cucumber.testng.PickleWrapper,io.cucumber.testng.FeatureWrapper)[pri:0, instance:com.Capium365.RunnerFiles.Capium365_Dashboard_Runner@8c3b9d]" name="runScenario" class="io.cucumber.testng.AbstractTestNGCucumberTests"/>
        <method signature="AbstractTestNGCucumberTests.runScenario(io.cucumber.testng.PickleWrapper,io.cucumber.testng.FeatureWrapper)[pri:0, instance:com.Capium365.RunnerFiles.Capium365_Receipts_CreditNotes_Runner@2e377400]" name="runScenario" class="io.cucumber.testng.AbstractTestNGCucumberTests"/>
        <method signature="AbstractTestNGCucumberTests.runScenario(io.cucumber.testng.PickleWrapper,io.cucumber.testng.FeatureWrapper)[pri:0, instance:com.Capium365.RunnerFiles.Capium365_Receipts_PurchaseInvoice_Runner@7494f96a]" name="runScenario" class="io.cucumber.testng.AbstractTestNGCucumberTests"/>
        <method signature="AbstractTestNGCucumberTests.runScenario(io.cucumber.testng.PickleWrapper,io.cucumber.testng.FeatureWrapper)[pri:0, instance:com.Capium365.RunnerFiles.Capium365_Receipts_Receipts_Runner@561b6512]" name="runScenario" class="io.cucumber.testng.AbstractTestNGCucumberTests"/>
        <method signature="AbstractTestNGCucumberTests.runScenario(io.cucumber.testng.PickleWrapper,io.cucumber.testng.FeatureWrapper)[pri:0, instance:com.Capium365.RunnerFiles.Capium365_Receipts_Suppliers_Runner@1757cd72]" name="runScenario" class="io.cucumber.testng.AbstractTestNGCucumberTests"/>
        <method signature="AbstractTestNGCucumberTests.runScenario(io.cucumber.testng.PickleWrapper,io.cucumber.testng.FeatureWrapper)[pri:0, instance:com.Capium365.RunnerFiles.Capium365_Users_Runner@26b3fd41]" name="runScenario" class="io.cucumber.testng.AbstractTestNGCucumberTests"/>
      </group> <!-- cucumber -->
    </groups>
    <test started-at="2025-08-21T19:17:39 IST" name="Test" finished-at="2025-08-21T21:32:31 IST" duration-ms="8092496">
      <class name="com.Capium365.RunnerFiles.Capium365_Receipts_Suppliers_Runner">
        <test-method is-config="true" signature="setUpClass(org.testng.ITestContext)[pri:0, instance:com.Capium365.RunnerFiles.Capium365_Receipts_Suppliers_Runner@1757cd72]" started-at="2025-08-21T21:31:38 IST" name="setUpClass" finished-at="2025-08-21T21:31:39 IST" duration-ms="1054" status="PASS">
          <params>
            <param index="0">
              <value>
                <![CDATA[org.testng.TestRunner@6abcbf27]]>
              </value>
            </param>
          </params>
          <reporter-output>
          </reporter-output>
        </test-method> <!-- setUpClass -->
        <test-method signature="runScenario(io.cucumber.testng.PickleWrapper,io.cucumber.testng.FeatureWrapper)[pri:0, instance:com.Capium365.RunnerFiles.Capium365_Receipts_Suppliers_Runner@1757cd72]" started-at="2025-08-21T21:31:39 IST" name="runScenario" description="Runs Cucumber Scenarios" data-provider="scenarios" finished-at="2025-08-21T21:32:31 IST" duration-ms="52302" status="PASS">
          <params>
            <param index="0">
              <value>
                <![CDATA["Validate PaymentAccountDropdown In Add New Supplier Page"]]>
              </value>
            </param>
            <param index="1">
              <value>
                <![CDATA["Verify Suppliers in Receipts tab"]]>
              </value>
            </param>
          </params>
          <reporter-output>
          </reporter-output>
        </test-method> <!-- runScenario -->
        <test-method is-config="true" signature="tearDownClass()[pri:0, instance:com.Capium365.RunnerFiles.Capium365_Receipts_Suppliers_Runner@1757cd72]" started-at="2025-08-21T21:32:31 IST" name="tearDownClass" finished-at="2025-08-21T21:32:31 IST" duration-ms="302" status="PASS">
          <reporter-output>
          </reporter-output>
        </test-method> <!-- tearDownClass -->
      </class> <!-- com.Capium365.RunnerFiles.Capium365_Receipts_Suppliers_Runner -->
      <class name="com.Capium365.RunnerFiles.Capium365_Users_Runner">
        <test-method is-config="true" signature="setUpClass(org.testng.ITestContext)[pri:0, instance:com.Capium365.RunnerFiles.Capium365_Users_Runner@26b3fd41]" started-at="2025-08-21T19:56:06 IST" name="setUpClass" finished-at="2025-08-21T19:56:08 IST" duration-ms="1883" status="PASS">
          <params>
            <param index="0">
              <value>
                <![CDATA[org.testng.TestRunner@6abcbf27]]>
              </value>
            </param>
          </params>
          <reporter-output>
          </reporter-output>
        </test-method> <!-- setUpClass -->
        <test-method signature="runScenario(io.cucumber.testng.PickleWrapper,io.cucumber.testng.FeatureWrapper)[pri:0, instance:com.Capium365.RunnerFiles.Capium365_Users_Runner@26b3fd41]" started-at="2025-08-21T19:56:08 IST" name="runScenario" description="Runs Cucumber Scenarios" data-provider="scenarios" finished-at="2025-08-21T19:56:42 IST" duration-ms="33398" status="PASS">
          <params>
            <param index="0">
              <value>
                <![CDATA["Validate users tab"]]>
              </value>
            </param>
            <param index="1">
              <value>
                <![CDATA["Validate users tab"]]>
              </value>
            </param>
          </params>
          <reporter-output>
          </reporter-output>
        </test-method> <!-- runScenario -->
        <test-method signature="runScenario(io.cucumber.testng.PickleWrapper,io.cucumber.testng.FeatureWrapper)[pri:0, instance:com.Capium365.RunnerFiles.Capium365_Users_Runner@26b3fd41]" started-at="2025-08-21T19:56:42 IST" name="runScenario" description="Runs Cucumber Scenarios" data-provider="scenarios" finished-at="2025-08-21T19:57:22 IST" duration-ms="40436" status="PASS">
          <params>
            <param index="0">
              <value>
                <![CDATA["Validate add user button with mandatory fields"]]>
              </value>
            </param>
            <param index="1">
              <value>
                <![CDATA["Validate users tab"]]>
              </value>
            </param>
          </params>
          <reporter-output>
          </reporter-output>
        </test-method> <!-- runScenario -->
        <test-method signature="runScenario(io.cucumber.testng.PickleWrapper,io.cucumber.testng.FeatureWrapper)[pri:0, instance:com.Capium365.RunnerFiles.Capium365_Users_Runner@26b3fd41]" started-at="2025-08-21T19:57:22 IST" name="runScenario" description="Runs Cucumber Scenarios" data-provider="scenarios" finished-at="2025-08-21T19:58:16 IST" duration-ms="54266" status="PASS">
          <params>
            <param index="0">
              <value>
                <![CDATA["Validate add user button with unmandatory fields"]]>
              </value>
            </param>
            <param index="1">
              <value>
                <![CDATA["Validate users tab"]]>
              </value>
            </param>
          </params>
          <reporter-output>
          </reporter-output>
        </test-method> <!-- runScenario -->
        <test-method signature="runScenario(io.cucumber.testng.PickleWrapper,io.cucumber.testng.FeatureWrapper)[pri:0, instance:com.Capium365.RunnerFiles.Capium365_Users_Runner@26b3fd41]" started-at="2025-08-21T19:58:16 IST" name="runScenario" description="Runs Cucumber Scenarios" data-provider="scenarios" finished-at="2025-08-21T19:58:58 IST" duration-ms="41781" status="PASS">
          <params>
            <param index="0">
              <value>
                <![CDATA["Validate search bar"]]>
              </value>
            </param>
            <param index="1">
              <value>
                <![CDATA["Validate users tab"]]>
              </value>
            </param>
          </params>
          <reporter-output>
          </reporter-output>
        </test-method> <!-- runScenario -->
        <test-method signature="runScenario(io.cucumber.testng.PickleWrapper,io.cucumber.testng.FeatureWrapper)[pri:0, instance:com.Capium365.RunnerFiles.Capium365_Users_Runner@26b3fd41]" started-at="2025-08-21T19:58:58 IST" name="runScenario" description="Runs Cucumber Scenarios" data-provider="scenarios" finished-at="2025-08-21T19:59:45 IST" duration-ms="46552" status="PASS">
          <params>
            <param index="0">
              <value>
                <![CDATA["Validate status dropdown"]]>
              </value>
            </param>
            <param index="1">
              <value>
                <![CDATA["Validate users tab"]]>
              </value>
            </param>
          </params>
          <reporter-output>
          </reporter-output>
        </test-method> <!-- runScenario -->
        <test-method signature="runScenario(io.cucumber.testng.PickleWrapper,io.cucumber.testng.FeatureWrapper)[pri:0, instance:com.Capium365.RunnerFiles.Capium365_Users_Runner@26b3fd41]" started-at="2025-08-21T19:59:45 IST" name="runScenario" description="Runs Cucumber Scenarios" data-provider="scenarios" finished-at="2025-08-21T20:00:44 IST" duration-ms="58988" status="PASS">
          <params>
            <param index="0">
              <value>
                <![CDATA["Validate Export to excel"]]>
              </value>
            </param>
            <param index="1">
              <value>
                <![CDATA["Validate users tab"]]>
              </value>
            </param>
          </params>
          <reporter-output>
          </reporter-output>
        </test-method> <!-- runScenario -->
        <test-method signature="runScenario(io.cucumber.testng.PickleWrapper,io.cucumber.testng.FeatureWrapper)[pri:0, instance:com.Capium365.RunnerFiles.Capium365_Users_Runner@26b3fd41]" started-at="2025-08-21T20:00:44 IST" name="runScenario" description="Runs Cucumber Scenarios" data-provider="scenarios" finished-at="2025-08-21T20:01:39 IST" duration-ms="55627" status="PASS">
          <params>
            <param index="0">
              <value>
                <![CDATA["Validate Ckeck box"]]>
              </value>
            </param>
            <param index="1">
              <value>
                <![CDATA["Validate users tab"]]>
              </value>
            </param>
          </params>
          <reporter-output>
          </reporter-output>
        </test-method> <!-- runScenario -->
        <test-method signature="runScenario(io.cucumber.testng.PickleWrapper,io.cucumber.testng.FeatureWrapper)[pri:0, instance:com.Capium365.RunnerFiles.Capium365_Users_Runner@26b3fd41]" started-at="2025-08-21T20:01:39 IST" name="runScenario" description="Runs Cucumber Scenarios" data-provider="scenarios" finished-at="2025-08-21T20:02:23 IST" duration-ms="43917" status="PASS">
          <params>
            <param index="0">
              <value>
                <![CDATA["Validate edit icon in the row"]]>
              </value>
            </param>
            <param index="1">
              <value>
                <![CDATA["Validate users tab"]]>
              </value>
            </param>
          </params>
          <reporter-output>
          </reporter-output>
        </test-method> <!-- runScenario -->
        <test-method signature="runScenario(io.cucumber.testng.PickleWrapper,io.cucumber.testng.FeatureWrapper)[pri:0, instance:com.Capium365.RunnerFiles.Capium365_Users_Runner@26b3fd41]" started-at="2025-08-21T20:02:23 IST" name="runScenario" description="Runs Cucumber Scenarios" data-provider="scenarios" finished-at="2025-08-21T20:03:10 IST" duration-ms="46532" status="PASS">
          <params>
            <param index="0">
              <value>
                <![CDATA["Validate the edit user page"]]>
              </value>
            </param>
            <param index="1">
              <value>
                <![CDATA["Validate users tab"]]>
              </value>
            </param>
          </params>
          <reporter-output>
          </reporter-output>
        </test-method> <!-- runScenario -->
        <test-method signature="runScenario(io.cucumber.testng.PickleWrapper,io.cucumber.testng.FeatureWrapper)[pri:0, instance:com.Capium365.RunnerFiles.Capium365_Users_Runner@26b3fd41]" started-at="2025-08-21T20:03:10 IST" name="runScenario" description="Runs Cucumber Scenarios" data-provider="scenarios" finished-at="2025-08-21T20:03:58 IST" duration-ms="48501" status="PASS">
          <params>
            <param index="0">
              <value>
                <![CDATA["Validate the excel export by clicking the check box"]]>
              </value>
            </param>
            <param index="1">
              <value>
                <![CDATA["Validate users tab"]]>
              </value>
            </param>
          </params>
          <reporter-output>
          </reporter-output>
        </test-method> <!-- runScenario -->
        <test-method is-config="true" signature="tearDownClass()[pri:0, instance:com.Capium365.RunnerFiles.Capium365_Users_Runner@26b3fd41]" started-at="2025-08-21T20:03:58 IST" name="tearDownClass" finished-at="2025-08-21T20:03:59 IST" duration-ms="168" status="PASS">
          <reporter-output>
          </reporter-output>
        </test-method> <!-- tearDownClass -->
      </class> <!-- com.Capium365.RunnerFiles.Capium365_Users_Runner -->
      <class name="com.Capium365.RunnerFiles.Capium365_Dashboard_Runner">
        <test-method is-config="true" signature="setUpClass(org.testng.ITestContext)[pri:0, instance:com.Capium365.RunnerFiles.Capium365_Dashboard_Runner@8c3b9d]" started-at="2025-08-21T19:17:39 IST" name="setUpClass" finished-at="2025-08-21T19:17:42 IST" duration-ms="3170" status="PASS">
          <params>
            <param index="0">
              <value>
                <![CDATA[org.testng.TestRunner@6abcbf27]]>
              </value>
            </param>
          </params>
          <reporter-output>
          </reporter-output>
        </test-method> <!-- setUpClass -->
        <test-method signature="runScenario(io.cucumber.testng.PickleWrapper,io.cucumber.testng.FeatureWrapper)[pri:0, instance:com.Capium365.RunnerFiles.Capium365_Dashboard_Runner@8c3b9d]" started-at="2025-08-21T19:17:42 IST" name="runScenario" description="Runs Cucumber Scenarios" data-provider="scenarios" finished-at="2025-08-21T19:18:38 IST" duration-ms="55777" status="PASS">
          <params>
            <param index="0">
              <value>
                <![CDATA["Validate Invoice dashboard chart for 'Time Filter'"]]>
              </value>
            </param>
            <param index="1">
              <value>
                <![CDATA["Dashboard Chart Validation"]]>
              </value>
            </param>
          </params>
          <reporter-output>
          </reporter-output>
        </test-method> <!-- runScenario -->
        <test-method signature="runScenario(io.cucumber.testng.PickleWrapper,io.cucumber.testng.FeatureWrapper)[pri:0, instance:com.Capium365.RunnerFiles.Capium365_Dashboard_Runner@8c3b9d]" started-at="2025-08-21T19:18:38 IST" name="runScenario" description="Runs Cucumber Scenarios" data-provider="scenarios" finished-at="2025-08-21T19:19:52 IST" duration-ms="74223" status="PASS">
          <params>
            <param index="0">
              <value>
                <![CDATA["Validate Transactions dashboard chart for 'This Year'"]]>
              </value>
            </param>
            <param index="1">
              <value>
                <![CDATA["Dashboard Chart Validation"]]>
              </value>
            </param>
          </params>
          <reporter-output>
          </reporter-output>
        </test-method> <!-- runScenario -->
        <test-method signature="runScenario(io.cucumber.testng.PickleWrapper,io.cucumber.testng.FeatureWrapper)[pri:0, instance:com.Capium365.RunnerFiles.Capium365_Dashboard_Runner@8c3b9d]" started-at="2025-08-21T19:19:52 IST" name="runScenario" description="Runs Cucumber Scenarios" data-provider="scenarios" finished-at="2025-08-21T19:20:40 IST" duration-ms="47442" status="PASS">
          <params>
            <param index="0">
              <value>
                <![CDATA["User selects each account from the dropdown and verifies transaction data"]]>
              </value>
            </param>
            <param index="1">
              <value>
                <![CDATA["Dashboard Chart Validation"]]>
              </value>
            </param>
          </params>
          <reporter-output>
          </reporter-output>
        </test-method> <!-- runScenario -->
        <test-method signature="runScenario(io.cucumber.testng.PickleWrapper,io.cucumber.testng.FeatureWrapper)[pri:0, instance:com.Capium365.RunnerFiles.Capium365_Dashboard_Runner@8c3b9d]" started-at="2025-08-21T19:20:40 IST" name="runScenario" description="Runs Cucumber Scenarios" data-provider="scenarios" finished-at="2025-08-21T19:23:28 IST" duration-ms="168639" status="PASS">
          <params>
            <param index="0">
              <value>
                <![CDATA["Verify Top Account Names "<Time Filter>" donut chart displays correct data for selected time filter"]]>
              </value>
            </param>
            <param index="1">
              <value>
                <![CDATA["Dashboard Chart Validation"]]>
              </value>
            </param>
          </params>
          <reporter-output>
          </reporter-output>
        </test-method> <!-- runScenario -->
        <test-method signature="runScenario(io.cucumber.testng.PickleWrapper,io.cucumber.testng.FeatureWrapper)[pri:0, instance:com.Capium365.RunnerFiles.Capium365_Dashboard_Runner@8c3b9d]" started-at="2025-08-21T19:23:28 IST" name="runScenario" description="Runs Cucumber Scenarios" data-provider="scenarios" finished-at="2025-08-21T19:25:11 IST" duration-ms="102793" status="FAIL">
          <params>
            <param index="0">
              <value>
                <![CDATA["Verify Expenses "<Time Filter>" Flow donut chart displays correct data for selected time filter"]]>
              </value>
            </param>
            <param index="1">
              <value>
                <![CDATA["Dashboard Chart Validation"]]>
              </value>
            </param>
          </params>
          <exception class="org.openqa.selenium.TimeoutException">
            <message>
              <![CDATA[Expected condition failed: waiting for visibility of element located by By.xpath: //span[normalize-space()='Expense Flow']/ancestor::div[contains(@class,'chart-wrapper')] (tried for 10 second(s) with 500 milliseconds interval)
Build info: version: '4.23.0', revision: '4df0a231af'
System info: os.name: 'Windows Server 2019', os.arch: 'amd64', os.version: '10.0', java.version: '17.0.12'
Driver info: org.openqa.selenium.chrome.ChromeDriver
Capabilities {acceptInsecureCerts: false, browserName: chrome, browserVersion: 138.0.7204.184, chrome: {chromedriverVersion: 138.0.7204.183 (e90faf484dd..., userDataDir: C:\Users\LOCAL_~1.SIL\Temp\...}, fedcm:accounts: true, goog:chromeOptions: {debuggerAddress: localhost:58459}, networkConnectionEnabled: false, pageLoadStrategy: normal, platformName: windows, proxy: Proxy(), se:cdp: ws://localhost:58459/devtoo..., se:cdpVersion: 138.0.7204.184, setWindowRect: true, strictFileInteractability: false, timeouts: {implicit: 0, pageLoad: 300000, script: 30000}, unhandledPromptBehavior: dismiss and notify, webauthn:extension:credBlob: true, webauthn:extension:largeBlob: true, webauthn:extension:minPinLength: true, webauthn:extension:prf: true, webauthn:virtualAuthenticators: true}
Session ID: 23f9bba94d79fd41d74d0317d7680665]]>
            </message>
            <full-stacktrace>
              <![CDATA[org.openqa.selenium.TimeoutException: Expected condition failed: waiting for visibility of element located by By.xpath: //span[normalize-space()='Expense Flow']/ancestor::div[contains(@class,'chart-wrapper')] (tried for 10 second(s) with 500 milliseconds interval)
Build info: version: '4.23.0', revision: '4df0a231af'
System info: os.name: 'Windows Server 2019', os.arch: 'amd64', os.version: '10.0', java.version: '17.0.12'
Driver info: org.openqa.selenium.chrome.ChromeDriver
Capabilities {acceptInsecureCerts: false, browserName: chrome, browserVersion: 138.0.7204.184, chrome: {chromedriverVersion: 138.0.7204.183 (e90faf484dd..., userDataDir: C:\Users\LOCAL_~1.SIL\Temp\...}, fedcm:accounts: true, goog:chromeOptions: {debuggerAddress: localhost:58459}, networkConnectionEnabled: false, pageLoadStrategy: normal, platformName: windows, proxy: Proxy(), se:cdp: ws://localhost:58459/devtoo..., se:cdpVersion: 138.0.7204.184, setWindowRect: true, strictFileInteractability: false, timeouts: {implicit: 0, pageLoad: 300000, script: 30000}, unhandledPromptBehavior: dismiss and notify, webauthn:extension:credBlob: true, webauthn:extension:largeBlob: true, webauthn:extension:minPinLength: true, webauthn:extension:prf: true, webauthn:virtualAuthenticators: true}
Session ID: 23f9bba94d79fd41d74d0317d7680665
at org.openqa.selenium.support.ui.WebDriverWait.timeoutException(WebDriverWait.java:84)
at org.openqa.selenium.support.ui.FluentWait.until(FluentWait.java:228)
at com.Capium365.Actions.Capium365_Dashboard_Actions.ScrollToExpensesFlow(Capium365_Dashboard_Actions.java:371)
at com.Capium365.StepDefination.Capium365_Dashboardsteps_stepdefination.user_is_on_the_expenses_flow_dashboard(Capium365_Dashboardsteps_stepdefination.java:322)
at ✽.user is on the Expenses Flow dashboard(file:///C:/Users/satishkumar.silphoz/Documents/2024Automation/2025/Capium365/src/test/resources/Capium365FeatureFiles/Capium365_Dashboard.feature:131)
]]>
            </full-stacktrace>
          </exception> <!-- org.openqa.selenium.TimeoutException -->
          <reporter-output>
          </reporter-output>
        </test-method> <!-- runScenario -->
        <test-method signature="runScenario(io.cucumber.testng.PickleWrapper,io.cucumber.testng.FeatureWrapper)[pri:0, instance:com.Capium365.RunnerFiles.Capium365_Dashboard_Runner@8c3b9d]" started-at="2025-08-21T19:25:11 IST" name="runScenario" description="Runs Cucumber Scenarios" data-provider="scenarios" finished-at="2025-08-21T19:26:09 IST" duration-ms="57592" status="PASS">
          <params>
            <param index="0">
              <value>
                <![CDATA["Verify Top Earners "<Time Filter>" donut chart displays correct data for selected time filter"]]>
              </value>
            </param>
            <param index="1">
              <value>
                <![CDATA["Dashboard Chart Validation"]]>
              </value>
            </param>
          </params>
          <reporter-output>
          </reporter-output>
        </test-method> <!-- runScenario -->
        <test-method signature="runScenario(io.cucumber.testng.PickleWrapper,io.cucumber.testng.FeatureWrapper)[pri:0, instance:com.Capium365.RunnerFiles.Capium365_Dashboard_Runner@8c3b9d]" started-at="2025-08-21T19:26:09 IST" name="runScenario" description="Runs Cucumber Scenarios" data-provider="scenarios" finished-at="2025-08-21T19:27:02 IST" duration-ms="52959" status="PASS">
          <params>
            <param index="0">
              <value>
                <![CDATA["Verify Sales Flow "<Time Filter>" donut chart displays correct data for selected time filter"]]>
              </value>
            </param>
            <param index="1">
              <value>
                <![CDATA["Dashboard Chart Validation"]]>
              </value>
            </param>
          </params>
          <reporter-output>
          </reporter-output>
        </test-method> <!-- runScenario -->
        <test-method signature="runScenario(io.cucumber.testng.PickleWrapper,io.cucumber.testng.FeatureWrapper)[pri:0, instance:com.Capium365.RunnerFiles.Capium365_Dashboard_Runner@8c3b9d]" started-at="2025-08-21T19:27:02 IST" name="runScenario" description="Runs Cucumber Scenarios" data-provider="scenarios" finished-at="2025-08-21T19:28:48 IST" duration-ms="106517" status="PASS">
          <params>
            <param index="0">
              <value>
                <![CDATA["Click + and Select "Invoices""]]>
              </value>
            </param>
            <param index="1">
              <value>
                <![CDATA["Dashboard Chart Validation"]]>
              </value>
            </param>
          </params>
          <reporter-output>
          </reporter-output>
        </test-method> <!-- runScenario -->
        <test-method signature="runScenario(io.cucumber.testng.PickleWrapper,io.cucumber.testng.FeatureWrapper)[pri:0, instance:com.Capium365.RunnerFiles.Capium365_Dashboard_Runner@8c3b9d]" started-at="2025-08-21T19:28:48 IST" name="runScenario" description="Runs Cucumber Scenarios" data-provider="scenarios" finished-at="2025-08-21T19:29:31 IST" duration-ms="43432" status="PASS">
          <params>
            <param index="0">
              <value>
                <![CDATA["Default filter selection on Activity tab"]]>
              </value>
            </param>
            <param index="1">
              <value>
                <![CDATA["Dashboard Chart Validation"]]>
              </value>
            </param>
          </params>
          <reporter-output>
          </reporter-output>
        </test-method> <!-- runScenario -->
        <test-method signature="runScenario(io.cucumber.testng.PickleWrapper,io.cucumber.testng.FeatureWrapper)[pri:0, instance:com.Capium365.RunnerFiles.Capium365_Dashboard_Runner@8c3b9d]" started-at="2025-08-21T19:29:31 IST" name="runScenario" description="Runs Cucumber Scenarios" data-provider="scenarios" finished-at="2025-08-21T19:30:35 IST" duration-ms="63263" status="PASS">
          <params>
            <param index="0">
              <value>
                <![CDATA["Filter Activity by "All Invoices""]]>
              </value>
            </param>
            <param index="1">
              <value>
                <![CDATA["Dashboard Chart Validation"]]>
              </value>
            </param>
          </params>
          <reporter-output>
          </reporter-output>
        </test-method> <!-- runScenario -->
        <test-method signature="runScenario(io.cucumber.testng.PickleWrapper,io.cucumber.testng.FeatureWrapper)[pri:0, instance:com.Capium365.RunnerFiles.Capium365_Dashboard_Runner@8c3b9d]" started-at="2025-08-21T19:30:35 IST" name="runScenario" description="Runs Cucumber Scenarios" data-provider="scenarios" finished-at="2025-08-21T19:31:31 IST" duration-ms="55949" status="PASS">
          <params>
            <param index="0">
              <value>
                <![CDATA["Verify activity logs are filtered correctly by time range"]]>
              </value>
            </param>
            <param index="1">
              <value>
                <![CDATA["Dashboard Chart Validation"]]>
              </value>
            </param>
          </params>
          <reporter-output>
          </reporter-output>
        </test-method> <!-- runScenario -->
        <test-method signature="runScenario(io.cucumber.testng.PickleWrapper,io.cucumber.testng.FeatureWrapper)[pri:0, instance:com.Capium365.RunnerFiles.Capium365_Dashboard_Runner@8c3b9d]" started-at="2025-08-21T19:31:31 IST" name="runScenario" description="Runs Cucumber Scenarios" data-provider="scenarios" finished-at="2025-08-21T19:32:14 IST" duration-ms="43473" status="PASS">
          <params>
            <param index="0">
              <value>
                <![CDATA["Add a new bank under My Business settings"]]>
              </value>
            </param>
            <param index="1">
              <value>
                <![CDATA["Dashboard Chart Validation"]]>
              </value>
            </param>
          </params>
          <reporter-output>
          </reporter-output>
        </test-method> <!-- runScenario -->
        <test-method signature="runScenario(io.cucumber.testng.PickleWrapper,io.cucumber.testng.FeatureWrapper)[pri:0, instance:com.Capium365.RunnerFiles.Capium365_Dashboard_Runner@8c3b9d]" started-at="2025-08-21T19:32:14 IST" name="runScenario" description="Runs Cucumber Scenarios" data-provider="scenarios" finished-at="2025-08-21T19:32:50 IST" duration-ms="35418" status="PASS">
          <params>
            <param index="0">
              <value>
                <![CDATA["Verify Announcement tab in dashborad"]]>
              </value>
            </param>
            <param index="1">
              <value>
                <![CDATA["Dashboard Chart Validation"]]>
              </value>
            </param>
          </params>
          <reporter-output>
          </reporter-output>
        </test-method> <!-- runScenario -->
        <test-method signature="runScenario(io.cucumber.testng.PickleWrapper,io.cucumber.testng.FeatureWrapper)[pri:0, instance:com.Capium365.RunnerFiles.Capium365_Dashboard_Runner@8c3b9d]" started-at="2025-08-21T19:32:50 IST" name="runScenario" description="Runs Cucumber Scenarios" data-provider="scenarios" finished-at="2025-08-21T19:33:26 IST" duration-ms="36696" status="PASS">
          <params>
            <param index="0">
              <value>
                <![CDATA["Verify essential UI elements are present"]]>
              </value>
            </param>
            <param index="1">
              <value>
                <![CDATA["Dashboard Chart Validation"]]>
              </value>
            </param>
          </params>
          <reporter-output>
          </reporter-output>
        </test-method> <!-- runScenario -->
        <test-method signature="runScenario(io.cucumber.testng.PickleWrapper,io.cucumber.testng.FeatureWrapper)[pri:0, instance:com.Capium365.RunnerFiles.Capium365_Dashboard_Runner@8c3b9d]" started-at="2025-08-21T19:33:26 IST" name="runScenario" description="Runs Cucumber Scenarios" data-provider="scenarios" finished-at="2025-08-21T19:34:48 IST" duration-ms="81340" status="FAIL">
          <params>
            <param index="0">
              <value>
                <![CDATA["Add a new support ticket"]]>
              </value>
            </param>
            <param index="1">
              <value>
                <![CDATA["Dashboard Chart Validation"]]>
              </value>
            </param>
          </params>
          <exception class="java.io.IOException">
            <message>
              <![CDATA[Cannot run program "D:\Autoit\TicketUpload.exe": CreateProcess error=2, The system cannot find the file specified]]>
            </message>
            <full-stacktrace>
              <![CDATA[java.io.IOException: Cannot run program "D:\Autoit\TicketUpload.exe": CreateProcess error=2, The system cannot find the file specified
at java.base/java.lang.ProcessBuilder.start(ProcessBuilder.java:1143)
at java.base/java.lang.ProcessBuilder.start(ProcessBuilder.java:1073)
at java.base/java.lang.Runtime.exec(Runtime.java:594)
at java.base/java.lang.Runtime.exec(Runtime.java:418)
at java.base/java.lang.Runtime.exec(Runtime.java:315)
at com.Capium365.Actions.Capium365_Dashboard_Actions.EnetrValidTicketDetails(Capium365_Dashboard_Actions.java:926)
at com.Capium365.StepDefination.Capium365_Dashboardsteps_stepdefination.the_user_enters_valid_ticket_details(Capium365_Dashboardsteps_stepdefination.java:939)
at ✽.the user enters valid ticket details(file:///C:/Users/satishkumar.silphoz/Documents/2024Automation/2025/Capium365/src/test/resources/Capium365FeatureFiles/Capium365_Dashboard.feature:377)
Caused by: java.io.IOException: CreateProcess error=2, The system cannot find the file specified
at java.base/java.lang.ProcessImpl.create(Native Method)
at java.base/java.lang.ProcessImpl.<init>(ProcessImpl.java:499)
at java.base/java.lang.ProcessImpl.start(ProcessImpl.java:158)
at java.base/java.lang.ProcessBuilder.start(ProcessBuilder.java:1110)
at java.base/java.lang.ProcessBuilder.start(ProcessBuilder.java:1073)
at java.base/java.lang.Runtime.exec(Runtime.java:594)
at java.base/java.lang.Runtime.exec(Runtime.java:418)
at java.base/java.lang.Runtime.exec(Runtime.java:315)
at com.Capium365.Actions.Capium365_Dashboard_Actions.EnetrValidTicketDetails(Capium365_Dashboard_Actions.java:926)
at com.Capium365.StepDefination.Capium365_Dashboardsteps_stepdefination.the_user_enters_valid_ticket_details(Capium365_Dashboardsteps_stepdefination.java:939)
at java.base/jdk.internal.reflect.NativeMethodAccessorImpl.invoke0(Native Method)
at java.base/jdk.internal.reflect.NativeMethodAccessorImpl.invoke(NativeMethodAccessorImpl.java:77)
at java.base/jdk.internal.reflect.DelegatingMethodAccessorImpl.invoke(DelegatingMethodAccessorImpl.java:43)
at java.base/java.lang.reflect.Method.invoke(Method.java:568)
at io.cucumber.java.Invoker.doInvoke(Invoker.java:66)
at io.cucumber.java.Invoker.invoke(Invoker.java:24)
at io.cucumber.java.AbstractGlueDefinition.invokeMethod(AbstractGlueDefinition.java:47)
at io.cucumber.java.JavaStepDefinition.execute(JavaStepDefinition.java:29)
at io.cucumber.core.runner.CoreStepDefinition.execute(CoreStepDefinition.java:66)
at io.cucumber.core.runner.PickleStepDefinitionMatch.runStep(PickleStepDefinitionMatch.java:63)
at io.cucumber.core.runner.ExecutionMode$1.execute(ExecutionMode.java:10)
at io.cucumber.core.runner.TestStep.executeStep(TestStep.java:81)
at io.cucumber.core.runner.TestStep.run(TestStep.java:53)
at io.cucumber.core.runner.PickleStepTestStep.run(PickleStepTestStep.java:51)
at io.cucumber.core.runner.TestCase.run(TestCase.java:84)
at io.cucumber.core.runner.Runner.runPickle(Runner.java:75)
at io.cucumber.testng.TestNGCucumberRunner.lambda$runScenario$1(TestNGCucumberRunner.java:132)
at io.cucumber.core.runtime.CucumberExecutionContext.lambda$runTestCase$5(CucumberExecutionContext.java:136)
at io.cucumber.core.runtime.RethrowingThrowableCollector.executeAndThrow(RethrowingThrowableCollector.java:23)
at io.cucumber.core.runtime.CucumberExecutionContext.runTestCase(CucumberExecutionContext.java:136)
at io.cucumber.testng.TestNGCucumberRunner.runScenario(TestNGCucumberRunner.java:129)
at io.cucumber.testng.AbstractTestNGCucumberTests.runScenario(AbstractTestNGCucumberTests.java:35)
at java.base/jdk.internal.reflect.NativeMethodAccessorImpl.invoke0(Native Method)
at java.base/jdk.internal.reflect.NativeMethodAccessorImpl.invoke(NativeMethodAccessorImpl.java:77)
at java.base/jdk.internal.reflect.DelegatingMethodAccessorImpl.invoke(DelegatingMethodAccessorImpl.java:43)
at java.base/java.lang.reflect.Method.invoke(Method.java:568)
at org.testng.internal.invokers.MethodInvocationHelper.invokeMethod(MethodInvocationHelper.java:141)
at org.testng.internal.invokers.TestInvoker.invokeMethod(TestInvoker.java:686)
at org.testng.internal.invokers.TestInvoker.invokeTestMethod(TestInvoker.java:230)
at org.testng.internal.invokers.MethodRunner.runInSequence(MethodRunner.java:63)
at org.testng.internal.invokers.TestInvoker$MethodInvocationAgent.invoke(TestInvoker.java:992)
at org.testng.internal.invokers.TestInvoker.invokeTestMethods(TestInvoker.java:203)
at org.testng.internal.invokers.TestMethodWorker.invokeTestMethods(TestMethodWorker.java:154)
at org.testng.internal.invokers.TestMethodWorker.run(TestMethodWorker.java:134)
at java.base/java.util.ArrayList.forEach(ArrayList.java:1511)
at org.testng.TestRunner.privateRun(TestRunner.java:739)
at org.testng.TestRunner.run(TestRunner.java:614)
at org.testng.SuiteRunner.runTest(SuiteRunner.java:421)
at org.testng.SuiteRunner.runSequentially(SuiteRunner.java:413)
at org.testng.SuiteRunner.privateRun(SuiteRunner.java:373)
at org.testng.SuiteRunner.run(SuiteRunner.java:312)
at org.testng.SuiteRunnerWorker.runSuite(SuiteRunnerWorker.java:52)
at org.testng.SuiteRunnerWorker.run(SuiteRunnerWorker.java:95)
at org.testng.TestNG.runSuitesSequentially(TestNG.java:1274)
at org.testng.TestNG.runSuitesLocally(TestNG.java:1208)
at org.testng.TestNG.runSuites(TestNG.java:1112)
at org.testng.TestNG.run(TestNG.java:1079)
at org.testng.remote.AbstractRemoteTestNG.run(AbstractRemoteTestNG.java:115)
at org.testng.remote.RemoteTestNG.initAndRun(RemoteTestNG.java:293)
at org.testng.remote.RemoteTestNG.main(RemoteTestNG.java:91)
]]>
            </full-stacktrace>
          </exception> <!-- java.io.IOException -->
          <reporter-output>
          </reporter-output>
        </test-method> <!-- runScenario -->
        <test-method signature="runScenario(io.cucumber.testng.PickleWrapper,io.cucumber.testng.FeatureWrapper)[pri:0, instance:com.Capium365.RunnerFiles.Capium365_Dashboard_Runner@8c3b9d]" started-at="2025-08-21T19:34:48 IST" name="runScenario" description="Runs Cucumber Scenarios" data-provider="scenarios" finished-at="2025-08-21T19:35:26 IST" duration-ms="37945" status="PASS">
          <params>
            <param index="0">
              <value>
                <![CDATA["Verify Help tab in dashboard"]]>
              </value>
            </param>
            <param index="1">
              <value>
                <![CDATA["Dashboard Chart Validation"]]>
              </value>
            </param>
          </params>
          <reporter-output>
          </reporter-output>
        </test-method> <!-- runScenario -->
        <test-method signature="runScenario(io.cucumber.testng.PickleWrapper,io.cucumber.testng.FeatureWrapper)[pri:0, instance:com.Capium365.RunnerFiles.Capium365_Dashboard_Runner@8c3b9d]" started-at="2025-08-21T19:35:26 IST" name="runScenario" description="Runs Cucumber Scenarios" data-provider="scenarios" finished-at="2025-08-21T19:36:10 IST" duration-ms="43947" status="PASS">
          <params>
            <param index="0">
              <value>
                <![CDATA["Open profile popup"]]>
              </value>
            </param>
            <param index="1">
              <value>
                <![CDATA["Dashboard Chart Validation"]]>
              </value>
            </param>
          </params>
          <reporter-output>
          </reporter-output>
        </test-method> <!-- runScenario -->
        <test-method signature="runScenario(io.cucumber.testng.PickleWrapper,io.cucumber.testng.FeatureWrapper)[pri:0, instance:com.Capium365.RunnerFiles.Capium365_Dashboard_Runner@8c3b9d]" started-at="2025-08-21T19:36:10 IST" name="runScenario" description="Runs Cucumber Scenarios" data-provider="scenarios" finished-at="2025-08-21T19:37:46 IST" duration-ms="96740" status="PASS">
          <params>
            <param index="0">
              <value>
                <![CDATA["Sign out using the profile popup"]]>
              </value>
            </param>
            <param index="1">
              <value>
                <![CDATA["Dashboard Chart Validation"]]>
              </value>
            </param>
          </params>
          <reporter-output>
          </reporter-output>
        </test-method> <!-- runScenario -->
        <test-method signature="runScenario(io.cucumber.testng.PickleWrapper,io.cucumber.testng.FeatureWrapper)[pri:0, instance:com.Capium365.RunnerFiles.Capium365_Dashboard_Runner@8c3b9d]" started-at="2025-08-21T19:37:46 IST" name="runScenario" description="Runs Cucumber Scenarios" data-provider="scenarios" finished-at="2025-08-21T19:38:23 IST" duration-ms="36509" status="PASS">
          <params>
            <param index="0">
              <value>
                <![CDATA["Select a different theme color "Purple""]]>
              </value>
            </param>
            <param index="1">
              <value>
                <![CDATA["Dashboard Chart Validation"]]>
              </value>
            </param>
          </params>
          <reporter-output>
          </reporter-output>
        </test-method> <!-- runScenario -->
        <test-method signature="runScenario(io.cucumber.testng.PickleWrapper,io.cucumber.testng.FeatureWrapper)[pri:0, instance:com.Capium365.RunnerFiles.Capium365_Dashboard_Runner@8c3b9d]" started-at="2025-08-21T19:38:23 IST" name="runScenario" description="Runs Cucumber Scenarios" data-provider="scenarios" finished-at="2025-08-21T19:39:00 IST" duration-ms="37115" status="PASS">
          <params>
            <param index="0">
              <value>
                <![CDATA["Select a different theme color "Dark Blue""]]>
              </value>
            </param>
            <param index="1">
              <value>
                <![CDATA["Dashboard Chart Validation"]]>
              </value>
            </param>
          </params>
          <reporter-output>
          </reporter-output>
        </test-method> <!-- runScenario -->
        <test-method signature="runScenario(io.cucumber.testng.PickleWrapper,io.cucumber.testng.FeatureWrapper)[pri:0, instance:com.Capium365.RunnerFiles.Capium365_Dashboard_Runner@8c3b9d]" started-at="2025-08-21T19:39:00 IST" name="runScenario" description="Runs Cucumber Scenarios" data-provider="scenarios" finished-at="2025-08-21T19:39:37 IST" duration-ms="36642" status="PASS">
          <params>
            <param index="0">
              <value>
                <![CDATA["Select a different theme color "Sky Blue""]]>
              </value>
            </param>
            <param index="1">
              <value>
                <![CDATA["Dashboard Chart Validation"]]>
              </value>
            </param>
          </params>
          <reporter-output>
          </reporter-output>
        </test-method> <!-- runScenario -->
        <test-method signature="runScenario(io.cucumber.testng.PickleWrapper,io.cucumber.testng.FeatureWrapper)[pri:0, instance:com.Capium365.RunnerFiles.Capium365_Dashboard_Runner@8c3b9d]" started-at="2025-08-21T19:39:37 IST" name="runScenario" description="Runs Cucumber Scenarios" data-provider="scenarios" finished-at="2025-08-21T19:40:13 IST" duration-ms="36198" status="PASS">
          <params>
            <param index="0">
              <value>
                <![CDATA["Select a different theme color "Blue""]]>
              </value>
            </param>
            <param index="1">
              <value>
                <![CDATA["Dashboard Chart Validation"]]>
              </value>
            </param>
          </params>
          <reporter-output>
          </reporter-output>
        </test-method> <!-- runScenario -->
        <test-method signature="runScenario(io.cucumber.testng.PickleWrapper,io.cucumber.testng.FeatureWrapper)[pri:0, instance:com.Capium365.RunnerFiles.Capium365_Dashboard_Runner@8c3b9d]" started-at="2025-08-21T19:40:13 IST" name="runScenario" description="Runs Cucumber Scenarios" data-provider="scenarios" finished-at="2025-08-21T19:40:49 IST" duration-ms="35966" status="PASS">
          <params>
            <param index="0">
              <value>
                <![CDATA["Select a different theme color "Teal""]]>
              </value>
            </param>
            <param index="1">
              <value>
                <![CDATA["Dashboard Chart Validation"]]>
              </value>
            </param>
          </params>
          <reporter-output>
          </reporter-output>
        </test-method> <!-- runScenario -->
        <test-method signature="runScenario(io.cucumber.testng.PickleWrapper,io.cucumber.testng.FeatureWrapper)[pri:0, instance:com.Capium365.RunnerFiles.Capium365_Dashboard_Runner@8c3b9d]" started-at="2025-08-21T19:40:49 IST" name="runScenario" description="Runs Cucumber Scenarios" data-provider="scenarios" finished-at="2025-08-21T19:41:24 IST" duration-ms="34952" status="PASS">
          <params>
            <param index="0">
              <value>
                <![CDATA["Select a different theme color "Yellow""]]>
              </value>
            </param>
            <param index="1">
              <value>
                <![CDATA["Dashboard Chart Validation"]]>
              </value>
            </param>
          </params>
          <reporter-output>
          </reporter-output>
        </test-method> <!-- runScenario -->
        <test-method signature="runScenario(io.cucumber.testng.PickleWrapper,io.cucumber.testng.FeatureWrapper)[pri:0, instance:com.Capium365.RunnerFiles.Capium365_Dashboard_Runner@8c3b9d]" started-at="2025-08-21T19:41:24 IST" name="runScenario" description="Runs Cucumber Scenarios" data-provider="scenarios" finished-at="2025-08-21T19:42:00 IST" duration-ms="36638" status="PASS">
          <params>
            <param index="0">
              <value>
                <![CDATA["Select a different theme color "Red""]]>
              </value>
            </param>
            <param index="1">
              <value>
                <![CDATA["Dashboard Chart Validation"]]>
              </value>
            </param>
          </params>
          <reporter-output>
          </reporter-output>
        </test-method> <!-- runScenario -->
        <test-method signature="runScenario(io.cucumber.testng.PickleWrapper,io.cucumber.testng.FeatureWrapper)[pri:0, instance:com.Capium365.RunnerFiles.Capium365_Dashboard_Runner@8c3b9d]" started-at="2025-08-21T19:42:00 IST" name="runScenario" description="Runs Cucumber Scenarios" data-provider="scenarios" finished-at="2025-08-21T19:42:37 IST" duration-ms="36364" status="PASS">
          <params>
            <param index="0">
              <value>
                <![CDATA["Select a different theme color "Black""]]>
              </value>
            </param>
            <param index="1">
              <value>
                <![CDATA["Dashboard Chart Validation"]]>
              </value>
            </param>
          </params>
          <reporter-output>
          </reporter-output>
        </test-method> <!-- runScenario -->
        <test-method signature="runScenario(io.cucumber.testng.PickleWrapper,io.cucumber.testng.FeatureWrapper)[pri:0, instance:com.Capium365.RunnerFiles.Capium365_Dashboard_Runner@8c3b9d]" started-at="2025-08-21T19:42:37 IST" name="runScenario" description="Runs Cucumber Scenarios" data-provider="scenarios" finished-at="2025-08-21T19:43:13 IST" duration-ms="35921" status="PASS">
          <params>
            <param index="0">
              <value>
                <![CDATA["Select a different theme color "Green""]]>
              </value>
            </param>
            <param index="1">
              <value>
                <![CDATA["Dashboard Chart Validation"]]>
              </value>
            </param>
          </params>
          <reporter-output>
          </reporter-output>
        </test-method> <!-- runScenario -->
        <test-method signature="runScenario(io.cucumber.testng.PickleWrapper,io.cucumber.testng.FeatureWrapper)[pri:0, instance:com.Capium365.RunnerFiles.Capium365_Dashboard_Runner@8c3b9d]" started-at="2025-08-21T19:43:13 IST" name="runScenario" description="Runs Cucumber Scenarios" data-provider="scenarios" finished-at="2025-08-21T19:44:00 IST" duration-ms="47567" status="PASS">
          <params>
            <param index="0">
              <value>
                <![CDATA["Close profile popup by clicking outside"]]>
              </value>
            </param>
            <param index="1">
              <value>
                <![CDATA["Dashboard Chart Validation"]]>
              </value>
            </param>
          </params>
          <reporter-output>
          </reporter-output>
        </test-method> <!-- runScenario -->
        <test-method is-config="true" signature="tearDownClass()[pri:0, instance:com.Capium365.RunnerFiles.Capium365_Dashboard_Runner@8c3b9d]" started-at="2025-08-21T19:44:00 IST" name="tearDownClass" finished-at="2025-08-21T19:44:01 IST" duration-ms="484" status="PASS">
          <reporter-output>
          </reporter-output>
        </test-method> <!-- tearDownClass -->
      </class> <!-- com.Capium365.RunnerFiles.Capium365_Dashboard_Runner -->
      <class name="com.Capium365.RunnerFiles.Capium365_Receipts_PurchaseInvoice_Runner">
        <test-method is-config="true" signature="setUpClass(org.testng.ITestContext)[pri:0, instance:com.Capium365.RunnerFiles.Capium365_Receipts_PurchaseInvoice_Runner@7494f96a]" started-at="2025-08-21T20:03:59 IST" name="setUpClass" finished-at="2025-08-21T20:04:00 IST" duration-ms="1089" status="PASS">
          <params>
            <param index="0">
              <value>
                <![CDATA[org.testng.TestRunner@6abcbf27]]>
              </value>
            </param>
          </params>
          <reporter-output>
          </reporter-output>
        </test-method> <!-- setUpClass -->
        <test-method signature="runScenario(io.cucumber.testng.PickleWrapper,io.cucumber.testng.FeatureWrapper)[pri:0, instance:com.Capium365.RunnerFiles.Capium365_Receipts_PurchaseInvoice_Runner@7494f96a]" started-at="2025-08-21T20:04:00 IST" name="runScenario" description="Runs Cucumber Scenarios" data-provider="scenarios" finished-at="2025-08-21T20:04:50 IST" duration-ms="50230" status="FAIL">
          <params>
            <param index="0">
              <value>
                <![CDATA["Verify PurchaseInvoice MainGrid"]]>
              </value>
            </param>
            <param index="1">
              <value>
                <![CDATA["Validating Purchase Invoice under Receipts tab"]]>
              </value>
            </param>
          </params>
          <exception class="org.openqa.selenium.NoSuchElementException">
            <message>
              <![CDATA[no such element: Unable to locate element: {"method":"xpath","selector":"//span[text()=' Upload Purchase Invoices ']"}
  (Session info: chrome=138.0.7204.184)
For documentation on this error, please visit: https://www.selenium.dev/documentation/webdriver/troubleshooting/errors#no-such-element-exception
Build info: version: '4.23.0', revision: '4df0a231af'
System info: os.name: 'Windows Server 2019', os.arch: 'amd64', os.version: '10.0', java.version: '17.0.12'
Driver info: org.openqa.selenium.chrome.ChromeDriver
Command: [519516b1d53eccf6e4f3e2ab8fd892db, findElement {value=//span[text()=' Upload Purchase Invoices '], using=xpath}]
Capabilities {acceptInsecureCerts: false, browserName: chrome, browserVersion: 138.0.7204.184, chrome: {chromedriverVersion: 138.0.7204.183 (e90faf484dd..., userDataDir: C:\Users\LOCAL_~1.SIL\Temp\...}, fedcm:accounts: true, goog:chromeOptions: {debuggerAddress: localhost:63437}, networkConnectionEnabled: false, pageLoadStrategy: normal, platformName: windows, proxy: Proxy(), se:cdp: ws://localhost:63437/devtoo..., se:cdpVersion: 138.0.7204.184, setWindowRect: true, strictFileInteractability: false, timeouts: {implicit: 0, pageLoad: 300000, script: 30000}, unhandledPromptBehavior: dismiss and notify, webauthn:extension:credBlob: true, webauthn:extension:largeBlob: true, webauthn:extension:minPinLength: true, webauthn:extension:prf: true, webauthn:virtualAuthenticators: true}
Session ID: 519516b1d53eccf6e4f3e2ab8fd892db]]>
            </message>
            <full-stacktrace>
              <![CDATA[org.openqa.selenium.NoSuchElementException: no such element: Unable to locate element: {"method":"xpath","selector":"//span[text()=' Upload Purchase Invoices ']"}
  (Session info: chrome=138.0.7204.184)
For documentation on this error, please visit: https://www.selenium.dev/documentation/webdriver/troubleshooting/errors#no-such-element-exception
Build info: version: '4.23.0', revision: '4df0a231af'
System info: os.name: 'Windows Server 2019', os.arch: 'amd64', os.version: '10.0', java.version: '17.0.12'
Driver info: org.openqa.selenium.chrome.ChromeDriver
Command: [519516b1d53eccf6e4f3e2ab8fd892db, findElement {value=//span[text()=' Upload Purchase Invoices '], using=xpath}]
Capabilities {acceptInsecureCerts: false, browserName: chrome, browserVersion: 138.0.7204.184, chrome: {chromedriverVersion: 138.0.7204.183 (e90faf484dd..., userDataDir: C:\Users\LOCAL_~1.SIL\Temp\...}, fedcm:accounts: true, goog:chromeOptions: {debuggerAddress: localhost:63437}, networkConnectionEnabled: false, pageLoadStrategy: normal, platformName: windows, proxy: Proxy(), se:cdp: ws://localhost:63437/devtoo..., se:cdpVersion: 138.0.7204.184, setWindowRect: true, strictFileInteractability: false, timeouts: {implicit: 0, pageLoad: 300000, script: 30000}, unhandledPromptBehavior: dismiss and notify, webauthn:extension:credBlob: true, webauthn:extension:largeBlob: true, webauthn:extension:minPinLength: true, webauthn:extension:prf: true, webauthn:virtualAuthenticators: true}
Session ID: 519516b1d53eccf6e4f3e2ab8fd892db
at jdk.internal.reflect.GeneratedConstructorAccessor28.newInstance(Unknown Source)
at java.base/jdk.internal.reflect.DelegatingConstructorAccessorImpl.newInstance(DelegatingConstructorAccessorImpl.java:45)
at java.base/java.lang.reflect.Constructor.newInstanceWithCaller(Constructor.java:499)
at java.base/java.lang.reflect.Constructor.newInstance(Constructor.java:480)
at org.openqa.selenium.remote.ErrorCodec.decode(ErrorCodec.java:167)
at org.openqa.selenium.remote.codec.w3c.W3CHttpResponseCodec.decode(W3CHttpResponseCodec.java:138)
at org.openqa.selenium.remote.codec.w3c.W3CHttpResponseCodec.decode(W3CHttpResponseCodec.java:50)
at org.openqa.selenium.remote.HttpCommandExecutor.execute(HttpCommandExecutor.java:190)
at org.openqa.selenium.remote.service.DriverCommandExecutor.invokeExecute(DriverCommandExecutor.java:216)
at org.openqa.selenium.remote.service.DriverCommandExecutor.execute(DriverCommandExecutor.java:174)
at org.openqa.selenium.remote.RemoteWebDriver.execute(RemoteWebDriver.java:527)
at org.openqa.selenium.remote.ElementLocation$ElementFinder$2.findElement(ElementLocation.java:165)
at org.openqa.selenium.remote.ElementLocation.findElement(ElementLocation.java:59)
at org.openqa.selenium.remote.RemoteWebDriver.findElement(RemoteWebDriver.java:357)
at org.openqa.selenium.remote.RemoteWebDriver.findElement(RemoteWebDriver.java:351)
at org.openqa.selenium.support.pagefactory.DefaultElementLocator.findElement(DefaultElementLocator.java:68)
at org.openqa.selenium.support.pagefactory.internal.LocatingElementHandler.invoke(LocatingElementHandler.java:38)
at jdk.proxy2/jdk.proxy2.$Proxy43.click(Unknown Source)
at com.Capium365.Actions.Capium365_Receipts_PurchaseInvoice_Actions.ClickonUploadpurchaseInvoice2Button(Capium365_Receipts_PurchaseInvoice_Actions.java:59)
at com.Capium365.StepDefination.Capium365_Receipts_PurchaseInvoice_Stepdefination.click_on_upload_purchase_invoice2buttton(Capium365_Receipts_PurchaseInvoice_Stepdefination.java:55)
at ✽.Click on uploadPurchaseInvoice2Buttton(file:///C:/Users/satishkumar.silphoz/Documents/2024Automation/2025/Capium365/src/test/resources/Capium365FeatureFiles/Capium365_Receipts_PurchaseInvoice.feature:19)
]]>
            </full-stacktrace>
          </exception> <!-- org.openqa.selenium.NoSuchElementException -->
          <reporter-output>
          </reporter-output>
        </test-method> <!-- runScenario -->
        <test-method signature="runScenario(io.cucumber.testng.PickleWrapper,io.cucumber.testng.FeatureWrapper)[pri:0, instance:com.Capium365.RunnerFiles.Capium365_Receipts_PurchaseInvoice_Runner@7494f96a]" started-at="2025-08-21T20:04:50 IST" name="runScenario" description="Runs Cucumber Scenarios" data-provider="scenarios" finished-at="2025-08-21T20:05:41 IST" duration-ms="51175" status="FAIL">
          <params>
            <param index="0">
              <value>
                <![CDATA["Validate Duplicate buttom in the main Grid"]]>
              </value>
            </param>
            <param index="1">
              <value>
                <![CDATA["Validating Purchase Invoice under Receipts tab"]]>
              </value>
            </param>
          </params>
          <exception class="org.openqa.selenium.NoSuchElementException">
            <message>
              <![CDATA[no such element: Unable to locate element: {"method":"xpath","selector":"//span[text()=' Upload Purchase Invoices ']"}
  (Session info: chrome=138.0.7204.184)
For documentation on this error, please visit: https://www.selenium.dev/documentation/webdriver/troubleshooting/errors#no-such-element-exception
Build info: version: '4.23.0', revision: '4df0a231af'
System info: os.name: 'Windows Server 2019', os.arch: 'amd64', os.version: '10.0', java.version: '17.0.12'
Driver info: org.openqa.selenium.chrome.ChromeDriver
Command: [d5045c6099ec968cf763709de62ede76, findElement {value=//span[text()=' Upload Purchase Invoices '], using=xpath}]
Capabilities {acceptInsecureCerts: false, browserName: chrome, browserVersion: 138.0.7204.184, chrome: {chromedriverVersion: 138.0.7204.183 (e90faf484dd..., userDataDir: C:\Users\LOCAL_~1.SIL\Temp\...}, fedcm:accounts: true, goog:chromeOptions: {debuggerAddress: localhost:63542}, networkConnectionEnabled: false, pageLoadStrategy: normal, platformName: windows, proxy: Proxy(), se:cdp: ws://localhost:63542/devtoo..., se:cdpVersion: 138.0.7204.184, setWindowRect: true, strictFileInteractability: false, timeouts: {implicit: 0, pageLoad: 300000, script: 30000}, unhandledPromptBehavior: dismiss and notify, webauthn:extension:credBlob: true, webauthn:extension:largeBlob: true, webauthn:extension:minPinLength: true, webauthn:extension:prf: true, webauthn:virtualAuthenticators: true}
Session ID: d5045c6099ec968cf763709de62ede76]]>
            </message>
            <full-stacktrace>
              <![CDATA[org.openqa.selenium.NoSuchElementException: no such element: Unable to locate element: {"method":"xpath","selector":"//span[text()=' Upload Purchase Invoices ']"}
  (Session info: chrome=138.0.7204.184)
For documentation on this error, please visit: https://www.selenium.dev/documentation/webdriver/troubleshooting/errors#no-such-element-exception
Build info: version: '4.23.0', revision: '4df0a231af'
System info: os.name: 'Windows Server 2019', os.arch: 'amd64', os.version: '10.0', java.version: '17.0.12'
Driver info: org.openqa.selenium.chrome.ChromeDriver
Command: [d5045c6099ec968cf763709de62ede76, findElement {value=//span[text()=' Upload Purchase Invoices '], using=xpath}]
Capabilities {acceptInsecureCerts: false, browserName: chrome, browserVersion: 138.0.7204.184, chrome: {chromedriverVersion: 138.0.7204.183 (e90faf484dd..., userDataDir: C:\Users\LOCAL_~1.SIL\Temp\...}, fedcm:accounts: true, goog:chromeOptions: {debuggerAddress: localhost:63542}, networkConnectionEnabled: false, pageLoadStrategy: normal, platformName: windows, proxy: Proxy(), se:cdp: ws://localhost:63542/devtoo..., se:cdpVersion: 138.0.7204.184, setWindowRect: true, strictFileInteractability: false, timeouts: {implicit: 0, pageLoad: 300000, script: 30000}, unhandledPromptBehavior: dismiss and notify, webauthn:extension:credBlob: true, webauthn:extension:largeBlob: true, webauthn:extension:minPinLength: true, webauthn:extension:prf: true, webauthn:virtualAuthenticators: true}
Session ID: d5045c6099ec968cf763709de62ede76
at jdk.internal.reflect.GeneratedConstructorAccessor28.newInstance(Unknown Source)
at java.base/jdk.internal.reflect.DelegatingConstructorAccessorImpl.newInstance(DelegatingConstructorAccessorImpl.java:45)
at java.base/java.lang.reflect.Constructor.newInstanceWithCaller(Constructor.java:499)
at java.base/java.lang.reflect.Constructor.newInstance(Constructor.java:480)
at org.openqa.selenium.remote.ErrorCodec.decode(ErrorCodec.java:167)
at org.openqa.selenium.remote.codec.w3c.W3CHttpResponseCodec.decode(W3CHttpResponseCodec.java:138)
at org.openqa.selenium.remote.codec.w3c.W3CHttpResponseCodec.decode(W3CHttpResponseCodec.java:50)
at org.openqa.selenium.remote.HttpCommandExecutor.execute(HttpCommandExecutor.java:190)
at org.openqa.selenium.remote.service.DriverCommandExecutor.invokeExecute(DriverCommandExecutor.java:216)
at org.openqa.selenium.remote.service.DriverCommandExecutor.execute(DriverCommandExecutor.java:174)
at org.openqa.selenium.remote.RemoteWebDriver.execute(RemoteWebDriver.java:527)
at org.openqa.selenium.remote.ElementLocation$ElementFinder$2.findElement(ElementLocation.java:165)
at org.openqa.selenium.remote.ElementLocation.findElement(ElementLocation.java:59)
at org.openqa.selenium.remote.RemoteWebDriver.findElement(RemoteWebDriver.java:357)
at org.openqa.selenium.remote.RemoteWebDriver.findElement(RemoteWebDriver.java:351)
at org.openqa.selenium.support.pagefactory.DefaultElementLocator.findElement(DefaultElementLocator.java:68)
at org.openqa.selenium.support.pagefactory.internal.LocatingElementHandler.invoke(LocatingElementHandler.java:38)
at jdk.proxy2/jdk.proxy2.$Proxy43.click(Unknown Source)
at com.Capium365.Actions.Capium365_Receipts_PurchaseInvoice_Actions.ClickonUploadpurchaseInvoice2Button(Capium365_Receipts_PurchaseInvoice_Actions.java:59)
at com.Capium365.StepDefination.Capium365_Receipts_PurchaseInvoice_Stepdefination.click_on_upload_purchase_invoice2buttton(Capium365_Receipts_PurchaseInvoice_Stepdefination.java:55)
at ✽.Click on uploadPurchaseInvoice2Buttton(file:///C:/Users/satishkumar.silphoz/Documents/2024Automation/2025/Capium365/src/test/resources/Capium365FeatureFiles/Capium365_Receipts_PurchaseInvoice.feature:29)
]]>
            </full-stacktrace>
          </exception> <!-- org.openqa.selenium.NoSuchElementException -->
          <reporter-output>
          </reporter-output>
        </test-method> <!-- runScenario -->
        <test-method signature="runScenario(io.cucumber.testng.PickleWrapper,io.cucumber.testng.FeatureWrapper)[pri:0, instance:com.Capium365.RunnerFiles.Capium365_Receipts_PurchaseInvoice_Runner@7494f96a]" started-at="2025-08-21T20:05:41 IST" name="runScenario" description="Runs Cucumber Scenarios" data-provider="scenarios" finished-at="2025-08-21T20:06:32 IST" duration-ms="50584" status="FAIL">
          <params>
            <param index="0">
              <value>
                <![CDATA["Valdidate Duplicate popup"]]>
              </value>
            </param>
            <param index="1">
              <value>
                <![CDATA["Validating Purchase Invoice under Receipts tab"]]>
              </value>
            </param>
          </params>
          <exception class="org.openqa.selenium.NoSuchElementException">
            <message>
              <![CDATA[no such element: Unable to locate element: {"method":"xpath","selector":"//span[text()=' Upload Purchase Invoices ']"}
  (Session info: chrome=138.0.7204.184)
For documentation on this error, please visit: https://www.selenium.dev/documentation/webdriver/troubleshooting/errors#no-such-element-exception
Build info: version: '4.23.0', revision: '4df0a231af'
System info: os.name: 'Windows Server 2019', os.arch: 'amd64', os.version: '10.0', java.version: '17.0.12'
Driver info: org.openqa.selenium.chrome.ChromeDriver
Command: [4b0251b3f64962b1ead06e0ac1af0bd0, findElement {value=//span[text()=' Upload Purchase Invoices '], using=xpath}]
Capabilities {acceptInsecureCerts: false, browserName: chrome, browserVersion: 138.0.7204.184, chrome: {chromedriverVersion: 138.0.7204.183 (e90faf484dd..., userDataDir: C:\Users\LOCAL_~1.SIL\Temp\...}, fedcm:accounts: true, goog:chromeOptions: {debuggerAddress: localhost:63647}, networkConnectionEnabled: false, pageLoadStrategy: normal, platformName: windows, proxy: Proxy(), se:cdp: ws://localhost:63647/devtoo..., se:cdpVersion: 138.0.7204.184, setWindowRect: true, strictFileInteractability: false, timeouts: {implicit: 0, pageLoad: 300000, script: 30000}, unhandledPromptBehavior: dismiss and notify, webauthn:extension:credBlob: true, webauthn:extension:largeBlob: true, webauthn:extension:minPinLength: true, webauthn:extension:prf: true, webauthn:virtualAuthenticators: true}
Session ID: 4b0251b3f64962b1ead06e0ac1af0bd0]]>
            </message>
            <full-stacktrace>
              <![CDATA[org.openqa.selenium.NoSuchElementException: no such element: Unable to locate element: {"method":"xpath","selector":"//span[text()=' Upload Purchase Invoices ']"}
  (Session info: chrome=138.0.7204.184)
For documentation on this error, please visit: https://www.selenium.dev/documentation/webdriver/troubleshooting/errors#no-such-element-exception
Build info: version: '4.23.0', revision: '4df0a231af'
System info: os.name: 'Windows Server 2019', os.arch: 'amd64', os.version: '10.0', java.version: '17.0.12'
Driver info: org.openqa.selenium.chrome.ChromeDriver
Command: [4b0251b3f64962b1ead06e0ac1af0bd0, findElement {value=//span[text()=' Upload Purchase Invoices '], using=xpath}]
Capabilities {acceptInsecureCerts: false, browserName: chrome, browserVersion: 138.0.7204.184, chrome: {chromedriverVersion: 138.0.7204.183 (e90faf484dd..., userDataDir: C:\Users\LOCAL_~1.SIL\Temp\...}, fedcm:accounts: true, goog:chromeOptions: {debuggerAddress: localhost:63647}, networkConnectionEnabled: false, pageLoadStrategy: normal, platformName: windows, proxy: Proxy(), se:cdp: ws://localhost:63647/devtoo..., se:cdpVersion: 138.0.7204.184, setWindowRect: true, strictFileInteractability: false, timeouts: {implicit: 0, pageLoad: 300000, script: 30000}, unhandledPromptBehavior: dismiss and notify, webauthn:extension:credBlob: true, webauthn:extension:largeBlob: true, webauthn:extension:minPinLength: true, webauthn:extension:prf: true, webauthn:virtualAuthenticators: true}
Session ID: 4b0251b3f64962b1ead06e0ac1af0bd0
at jdk.internal.reflect.GeneratedConstructorAccessor28.newInstance(Unknown Source)
at java.base/jdk.internal.reflect.DelegatingConstructorAccessorImpl.newInstance(DelegatingConstructorAccessorImpl.java:45)
at java.base/java.lang.reflect.Constructor.newInstanceWithCaller(Constructor.java:499)
at java.base/java.lang.reflect.Constructor.newInstance(Constructor.java:480)
at org.openqa.selenium.remote.ErrorCodec.decode(ErrorCodec.java:167)
at org.openqa.selenium.remote.codec.w3c.W3CHttpResponseCodec.decode(W3CHttpResponseCodec.java:138)
at org.openqa.selenium.remote.codec.w3c.W3CHttpResponseCodec.decode(W3CHttpResponseCodec.java:50)
at org.openqa.selenium.remote.HttpCommandExecutor.execute(HttpCommandExecutor.java:190)
at org.openqa.selenium.remote.service.DriverCommandExecutor.invokeExecute(DriverCommandExecutor.java:216)
at org.openqa.selenium.remote.service.DriverCommandExecutor.execute(DriverCommandExecutor.java:174)
at org.openqa.selenium.remote.RemoteWebDriver.execute(RemoteWebDriver.java:527)
at org.openqa.selenium.remote.ElementLocation$ElementFinder$2.findElement(ElementLocation.java:165)
at org.openqa.selenium.remote.ElementLocation.findElement(ElementLocation.java:59)
at org.openqa.selenium.remote.RemoteWebDriver.findElement(RemoteWebDriver.java:357)
at org.openqa.selenium.remote.RemoteWebDriver.findElement(RemoteWebDriver.java:351)
at org.openqa.selenium.support.pagefactory.DefaultElementLocator.findElement(DefaultElementLocator.java:68)
at org.openqa.selenium.support.pagefactory.internal.LocatingElementHandler.invoke(LocatingElementHandler.java:38)
at jdk.proxy2/jdk.proxy2.$Proxy43.click(Unknown Source)
at com.Capium365.Actions.Capium365_Receipts_PurchaseInvoice_Actions.ClickonUploadpurchaseInvoice2Button(Capium365_Receipts_PurchaseInvoice_Actions.java:59)
at com.Capium365.StepDefination.Capium365_Receipts_PurchaseInvoice_Stepdefination.click_on_upload_purchase_invoice2buttton(Capium365_Receipts_PurchaseInvoice_Stepdefination.java:55)
at ✽.Click on uploadPurchaseInvoice2Buttton(file:///C:/Users/satishkumar.silphoz/Documents/2024Automation/2025/Capium365/src/test/resources/Capium365FeatureFiles/Capium365_Receipts_PurchaseInvoice.feature:41)
]]>
            </full-stacktrace>
          </exception> <!-- org.openqa.selenium.NoSuchElementException -->
          <reporter-output>
          </reporter-output>
        </test-method> <!-- runScenario -->
        <test-method signature="runScenario(io.cucumber.testng.PickleWrapper,io.cucumber.testng.FeatureWrapper)[pri:0, instance:com.Capium365.RunnerFiles.Capium365_Receipts_PurchaseInvoice_Runner@7494f96a]" started-at="2025-08-21T20:06:32 IST" name="runScenario" description="Runs Cucumber Scenarios" data-provider="scenarios" finished-at="2025-08-21T20:07:22 IST" duration-ms="50837" status="FAIL">
          <params>
            <param index="0">
              <value>
                <![CDATA["Validate Process Duplicate Upload popup with Yes button"]]>
              </value>
            </param>
            <param index="1">
              <value>
                <![CDATA["Validating Purchase Invoice under Receipts tab"]]>
              </value>
            </param>
          </params>
          <exception class="org.openqa.selenium.NoSuchElementException">
            <message>
              <![CDATA[no such element: Unable to locate element: {"method":"xpath","selector":"//span[text()=' Upload Purchase Invoices ']"}
  (Session info: chrome=138.0.7204.184)
For documentation on this error, please visit: https://www.selenium.dev/documentation/webdriver/troubleshooting/errors#no-such-element-exception
Build info: version: '4.23.0', revision: '4df0a231af'
System info: os.name: 'Windows Server 2019', os.arch: 'amd64', os.version: '10.0', java.version: '17.0.12'
Driver info: org.openqa.selenium.chrome.ChromeDriver
Command: [09ea1e6a7ea888832a463142a07331fe, findElement {value=//span[text()=' Upload Purchase Invoices '], using=xpath}]
Capabilities {acceptInsecureCerts: false, browserName: chrome, browserVersion: 138.0.7204.184, chrome: {chromedriverVersion: 138.0.7204.183 (e90faf484dd..., userDataDir: C:\Users\LOCAL_~1.SIL\Temp\...}, fedcm:accounts: true, goog:chromeOptions: {debuggerAddress: localhost:63744}, networkConnectionEnabled: false, pageLoadStrategy: normal, platformName: windows, proxy: Proxy(), se:cdp: ws://localhost:63744/devtoo..., se:cdpVersion: 138.0.7204.184, setWindowRect: true, strictFileInteractability: false, timeouts: {implicit: 0, pageLoad: 300000, script: 30000}, unhandledPromptBehavior: dismiss and notify, webauthn:extension:credBlob: true, webauthn:extension:largeBlob: true, webauthn:extension:minPinLength: true, webauthn:extension:prf: true, webauthn:virtualAuthenticators: true}
Session ID: 09ea1e6a7ea888832a463142a07331fe]]>
            </message>
            <full-stacktrace>
              <![CDATA[org.openqa.selenium.NoSuchElementException: no such element: Unable to locate element: {"method":"xpath","selector":"//span[text()=' Upload Purchase Invoices ']"}
  (Session info: chrome=138.0.7204.184)
For documentation on this error, please visit: https://www.selenium.dev/documentation/webdriver/troubleshooting/errors#no-such-element-exception
Build info: version: '4.23.0', revision: '4df0a231af'
System info: os.name: 'Windows Server 2019', os.arch: 'amd64', os.version: '10.0', java.version: '17.0.12'
Driver info: org.openqa.selenium.chrome.ChromeDriver
Command: [09ea1e6a7ea888832a463142a07331fe, findElement {value=//span[text()=' Upload Purchase Invoices '], using=xpath}]
Capabilities {acceptInsecureCerts: false, browserName: chrome, browserVersion: 138.0.7204.184, chrome: {chromedriverVersion: 138.0.7204.183 (e90faf484dd..., userDataDir: C:\Users\LOCAL_~1.SIL\Temp\...}, fedcm:accounts: true, goog:chromeOptions: {debuggerAddress: localhost:63744}, networkConnectionEnabled: false, pageLoadStrategy: normal, platformName: windows, proxy: Proxy(), se:cdp: ws://localhost:63744/devtoo..., se:cdpVersion: 138.0.7204.184, setWindowRect: true, strictFileInteractability: false, timeouts: {implicit: 0, pageLoad: 300000, script: 30000}, unhandledPromptBehavior: dismiss and notify, webauthn:extension:credBlob: true, webauthn:extension:largeBlob: true, webauthn:extension:minPinLength: true, webauthn:extension:prf: true, webauthn:virtualAuthenticators: true}
Session ID: 09ea1e6a7ea888832a463142a07331fe
at jdk.internal.reflect.GeneratedConstructorAccessor28.newInstance(Unknown Source)
at java.base/jdk.internal.reflect.DelegatingConstructorAccessorImpl.newInstance(DelegatingConstructorAccessorImpl.java:45)
at java.base/java.lang.reflect.Constructor.newInstanceWithCaller(Constructor.java:499)
at java.base/java.lang.reflect.Constructor.newInstance(Constructor.java:480)
at org.openqa.selenium.remote.ErrorCodec.decode(ErrorCodec.java:167)
at org.openqa.selenium.remote.codec.w3c.W3CHttpResponseCodec.decode(W3CHttpResponseCodec.java:138)
at org.openqa.selenium.remote.codec.w3c.W3CHttpResponseCodec.decode(W3CHttpResponseCodec.java:50)
at org.openqa.selenium.remote.HttpCommandExecutor.execute(HttpCommandExecutor.java:190)
at org.openqa.selenium.remote.service.DriverCommandExecutor.invokeExecute(DriverCommandExecutor.java:216)
at org.openqa.selenium.remote.service.DriverCommandExecutor.execute(DriverCommandExecutor.java:174)
at org.openqa.selenium.remote.RemoteWebDriver.execute(RemoteWebDriver.java:527)
at org.openqa.selenium.remote.ElementLocation$ElementFinder$2.findElement(ElementLocation.java:165)
at org.openqa.selenium.remote.ElementLocation.findElement(ElementLocation.java:59)
at org.openqa.selenium.remote.RemoteWebDriver.findElement(RemoteWebDriver.java:357)
at org.openqa.selenium.remote.RemoteWebDriver.findElement(RemoteWebDriver.java:351)
at org.openqa.selenium.support.pagefactory.DefaultElementLocator.findElement(DefaultElementLocator.java:68)
at org.openqa.selenium.support.pagefactory.internal.LocatingElementHandler.invoke(LocatingElementHandler.java:38)
at jdk.proxy2/jdk.proxy2.$Proxy43.click(Unknown Source)
at com.Capium365.Actions.Capium365_Receipts_PurchaseInvoice_Actions.ClickonUploadpurchaseInvoice2Button(Capium365_Receipts_PurchaseInvoice_Actions.java:59)
at com.Capium365.StepDefination.Capium365_Receipts_PurchaseInvoice_Stepdefination.click_on_upload_purchase_invoice2buttton(Capium365_Receipts_PurchaseInvoice_Stepdefination.java:55)
at ✽.Click on uploadPurchaseInvoice2Buttton(file:///C:/Users/satishkumar.silphoz/Documents/2024Automation/2025/Capium365/src/test/resources/Capium365FeatureFiles/Capium365_Receipts_PurchaseInvoice.feature:54)
]]>
            </full-stacktrace>
          </exception> <!-- org.openqa.selenium.NoSuchElementException -->
          <reporter-output>
          </reporter-output>
        </test-method> <!-- runScenario -->
        <test-method signature="runScenario(io.cucumber.testng.PickleWrapper,io.cucumber.testng.FeatureWrapper)[pri:0, instance:com.Capium365.RunnerFiles.Capium365_Receipts_PurchaseInvoice_Runner@7494f96a]" started-at="2025-08-21T20:07:22 IST" name="runScenario" description="Runs Cucumber Scenarios" data-provider="scenarios" finished-at="2025-08-21T20:08:13 IST" duration-ms="50492" status="FAIL">
          <params>
            <param index="0">
              <value>
                <![CDATA["Validate Process Duplicate Upload popup with No button"]]>
              </value>
            </param>
            <param index="1">
              <value>
                <![CDATA["Validating Purchase Invoice under Receipts tab"]]>
              </value>
            </param>
          </params>
          <exception class="org.openqa.selenium.NoSuchElementException">
            <message>
              <![CDATA[no such element: Unable to locate element: {"method":"xpath","selector":"//span[text()=' Upload Purchase Invoices ']"}
  (Session info: chrome=138.0.7204.184)
For documentation on this error, please visit: https://www.selenium.dev/documentation/webdriver/troubleshooting/errors#no-such-element-exception
Build info: version: '4.23.0', revision: '4df0a231af'
System info: os.name: 'Windows Server 2019', os.arch: 'amd64', os.version: '10.0', java.version: '17.0.12'
Driver info: org.openqa.selenium.chrome.ChromeDriver
Command: [67ad9fab721b22a78c4da13a523a85d1, findElement {value=//span[text()=' Upload Purchase Invoices '], using=xpath}]
Capabilities {acceptInsecureCerts: false, browserName: chrome, browserVersion: 138.0.7204.184, chrome: {chromedriverVersion: 138.0.7204.183 (e90faf484dd..., userDataDir: C:\Users\LOCAL_~1.SIL\Temp\...}, fedcm:accounts: true, goog:chromeOptions: {debuggerAddress: localhost:63854}, networkConnectionEnabled: false, pageLoadStrategy: normal, platformName: windows, proxy: Proxy(), se:cdp: ws://localhost:63854/devtoo..., se:cdpVersion: 138.0.7204.184, setWindowRect: true, strictFileInteractability: false, timeouts: {implicit: 0, pageLoad: 300000, script: 30000}, unhandledPromptBehavior: dismiss and notify, webauthn:extension:credBlob: true, webauthn:extension:largeBlob: true, webauthn:extension:minPinLength: true, webauthn:extension:prf: true, webauthn:virtualAuthenticators: true}
Session ID: 67ad9fab721b22a78c4da13a523a85d1]]>
            </message>
            <full-stacktrace>
              <![CDATA[org.openqa.selenium.NoSuchElementException: no such element: Unable to locate element: {"method":"xpath","selector":"//span[text()=' Upload Purchase Invoices ']"}
  (Session info: chrome=138.0.7204.184)
For documentation on this error, please visit: https://www.selenium.dev/documentation/webdriver/troubleshooting/errors#no-such-element-exception
Build info: version: '4.23.0', revision: '4df0a231af'
System info: os.name: 'Windows Server 2019', os.arch: 'amd64', os.version: '10.0', java.version: '17.0.12'
Driver info: org.openqa.selenium.chrome.ChromeDriver
Command: [67ad9fab721b22a78c4da13a523a85d1, findElement {value=//span[text()=' Upload Purchase Invoices '], using=xpath}]
Capabilities {acceptInsecureCerts: false, browserName: chrome, browserVersion: 138.0.7204.184, chrome: {chromedriverVersion: 138.0.7204.183 (e90faf484dd..., userDataDir: C:\Users\LOCAL_~1.SIL\Temp\...}, fedcm:accounts: true, goog:chromeOptions: {debuggerAddress: localhost:63854}, networkConnectionEnabled: false, pageLoadStrategy: normal, platformName: windows, proxy: Proxy(), se:cdp: ws://localhost:63854/devtoo..., se:cdpVersion: 138.0.7204.184, setWindowRect: true, strictFileInteractability: false, timeouts: {implicit: 0, pageLoad: 300000, script: 30000}, unhandledPromptBehavior: dismiss and notify, webauthn:extension:credBlob: true, webauthn:extension:largeBlob: true, webauthn:extension:minPinLength: true, webauthn:extension:prf: true, webauthn:virtualAuthenticators: true}
Session ID: 67ad9fab721b22a78c4da13a523a85d1
at jdk.internal.reflect.GeneratedConstructorAccessor28.newInstance(Unknown Source)
at java.base/jdk.internal.reflect.DelegatingConstructorAccessorImpl.newInstance(DelegatingConstructorAccessorImpl.java:45)
at java.base/java.lang.reflect.Constructor.newInstanceWithCaller(Constructor.java:499)
at java.base/java.lang.reflect.Constructor.newInstance(Constructor.java:480)
at org.openqa.selenium.remote.ErrorCodec.decode(ErrorCodec.java:167)
at org.openqa.selenium.remote.codec.w3c.W3CHttpResponseCodec.decode(W3CHttpResponseCodec.java:138)
at org.openqa.selenium.remote.codec.w3c.W3CHttpResponseCodec.decode(W3CHttpResponseCodec.java:50)
at org.openqa.selenium.remote.HttpCommandExecutor.execute(HttpCommandExecutor.java:190)
at org.openqa.selenium.remote.service.DriverCommandExecutor.invokeExecute(DriverCommandExecutor.java:216)
at org.openqa.selenium.remote.service.DriverCommandExecutor.execute(DriverCommandExecutor.java:174)
at org.openqa.selenium.remote.RemoteWebDriver.execute(RemoteWebDriver.java:527)
at org.openqa.selenium.remote.ElementLocation$ElementFinder$2.findElement(ElementLocation.java:165)
at org.openqa.selenium.remote.ElementLocation.findElement(ElementLocation.java:59)
at org.openqa.selenium.remote.RemoteWebDriver.findElement(RemoteWebDriver.java:357)
at org.openqa.selenium.remote.RemoteWebDriver.findElement(RemoteWebDriver.java:351)
at org.openqa.selenium.support.pagefactory.DefaultElementLocator.findElement(DefaultElementLocator.java:68)
at org.openqa.selenium.support.pagefactory.internal.LocatingElementHandler.invoke(LocatingElementHandler.java:38)
at jdk.proxy2/jdk.proxy2.$Proxy43.click(Unknown Source)
[...]
          </params>
          <exception class="org.openqa.selenium.TimeoutException">
            <message>
              <![CDATA[Expected condition failed: waiting for element to be clickable: Proxy element for: DefaultElementLocator 'By.xpath: //button/span[normalize-space()='Upload Receipts']' (tried for 10 second(s) with 500 milliseconds interval)]]>
            </message>
            <full-stacktrace>
              <![CDATA[org.openqa.selenium.TimeoutException: Expected condition failed: waiting for element to be clickable: Proxy element for: DefaultElementLocator 'By.xpath: //button/span[normalize-space()='Upload Receipts']' (tried for 10 second(s) with 500 milliseconds interval)
at org.openqa.selenium.support.ui.WebDriverWait.timeoutException(WebDriverWait.java:84)
at org.openqa.selenium.support.ui.FluentWait.until(FluentWait.java:228)
at com.Capium.Utilites.HelperClass.clickWithRetry(HelperClass.java:373)
at com.Capium365.Actions.Capium365_Receipts_Receipts_Actions.ClickOnUploadReceiptsbutton(Capium365_Receipts_Receipts_Actions.java:359)
at com.Capium365.StepDefination.Capium365_Receipts_Receipts_Stepdefination.user_select_upload_receipt_button(Capium365_Receipts_Receipts_Stepdefination.java:168)
at ✽.user select upload receipt button(file:///C:/Users/satishkumar.silphoz/Documents/2024Automation/2025/Capium365/src/test/resources/Capium365FeatureFiles/Capium365_Recepits_Receipts.feature:101)
Caused by: org.openqa.selenium.NoSuchElementException: no such element: Unable to locate element: {"method":"xpath","selector":"//button/span[normalize-space()='Upload Receipts']"}
  (Session info: chrome=138.0.7204.184)
For documentation on this error, please visit: https://www.selenium.dev/documentation/webdriver/troubleshooting/errors#no-such-element-exception
Build info: version: '4.23.0', revision: '4df0a231af'
System info: os.name: 'Windows Server 2019', os.arch: 'amd64', os.version: '10.0', java.version: '17.0.12'
Driver info: org.openqa.selenium.chrome.ChromeDriver
Command: [47778e5b06a77a97f3889683248eceba, findElement {value=//button/span[normalize-space()='Upload Receipts'], using=xpath}]
Capabilities {acceptInsecureCerts: false, browserName: chrome, browserVersion: 138.0.7204.184, chrome: {chromedriverVersion: 138.0.7204.183 (e90faf484dd..., userDataDir: C:\Users\LOCAL_~1.SIL\Temp\...}, fedcm:accounts: true, goog:chromeOptions: {debuggerAddress: localhost:52321}, networkConnectionEnabled: false, pageLoadStrategy: normal, platformName: windows, proxy: Proxy(), se:cdp: ws://localhost:52321/devtoo..., se:cdpVersion: 138.0.7204.184, setWindowRect: true, strictFileInteractability: false, timeouts: {implicit: 0, pageLoad: 300000, script: 30000}, unhandledPromptBehavior: dismiss and notify, webauthn:extension:credBlob: true, webauthn:extension:largeBlob: true, webauthn:extension:minPinLength: true, webauthn:extension:prf: true, webauthn:virtualAuthenticators: true}
Session ID: 47778e5b06a77a97f3889683248eceba
at jdk.internal.reflect.GeneratedConstructorAccessor28.newInstance(Unknown Source)
at java.base/jdk.internal.reflect.DelegatingConstructorAccessorImpl.newInstance(DelegatingConstructorAccessorImpl.java:45)
at java.base/java.lang.reflect.Constructor.newInstanceWithCaller(Constructor.java:499)
at java.base/java.lang.reflect.Constructor.newInstance(Constructor.java:480)
at org.openqa.selenium.remote.ErrorCodec.decode(ErrorCodec.java:167)
at org.openqa.selenium.remote.codec.w3c.W3CHttpResponseCodec.decode(W3CHttpResponseCodec.java:138)
at org.openqa.selenium.remote.codec.w3c.W3CHttpResponseCodec.decode(W3CHttpResponseCodec.java:50)
at org.openqa.selenium.remote.HttpCommandExecutor.execute(HttpCommandExecutor.java:190)
at org.openqa.selenium.remote.service.DriverCommandExecutor.invokeExecute(DriverCommandExecutor.java:216)
at org.openqa.selenium.remote.service.DriverCommandExecutor.execute(DriverCommandExecutor.java:174)
at org.openqa.selenium.remote.RemoteWebDriver.execute(RemoteWebDriver.java:527)
at org.openqa.selenium.remote.ElementLocation$ElementFinder$2.findElement(ElementLocation.java:165)
at org.openqa.selenium.remote.ElementLocation.findElement(ElementLocation.java:59)
at org.openqa.selenium.remote.RemoteWebDriver.findElement(RemoteWebDriver.java:357)
at org.openqa.selenium.remote.RemoteWebDriver.findElement(RemoteWebDriver.java:351)
at org.openqa.selenium.support.pagefactory.DefaultElementLocator.findElement(DefaultElementLocator.java:68)
at org.openqa.selenium.support.pagefactory.internal.LocatingElementHandler.invoke(LocatingElementHandler.java:38)
at jdk.proxy2/jdk.proxy2.$Proxy43.isDisplayed(Unknown Source)
at org.openqa.selenium.support.ui.ExpectedConditions.elementIfVisible(ExpectedConditions.java:304)
at org.openqa.selenium.support.ui.ExpectedConditions$10.apply(ExpectedConditions.java:290)
at org.openqa.selenium.support.ui.ExpectedConditions$10.apply(ExpectedConditions.java:287)
at org.openqa.selenium.support.ui.ExpectedConditions$23.apply(ExpectedConditions.java:656)
at org.openqa.selenium.support.ui.ExpectedConditions$23.apply(ExpectedConditions.java:652)
at org.openqa.selenium.support.ui.FluentWait.until(FluentWait.java:203)
at com.Capium.Utilites.HelperClass.clickWithRetry(HelperClass.java:373)
at com.Capium365.Actions.Capium365_Receipts_Receipts_Actions.ClickOnUploadReceiptsbutton(Capium365_Receipts_Receipts_Actions.java:359)
at com.Capium365.StepDefination.Capium365_Receipts_Receipts_Stepdefination.user_select_upload_receipt_button(Capium365_Receipts_Receipts_Stepdefination.java:168)
at java.base/jdk.internal.reflect.NativeMethodAccessorImpl.invoke0(Native Method)
at java.base/jdk.internal.reflect.NativeMethodAccessorImpl.invoke(NativeMethodAccessorImpl.java:77)
at java.base/jdk.internal.reflect.DelegatingMethodAccessorImpl.invoke(DelegatingMethodAccessorImpl.java:43)
at java.base/java.lang.reflect.Method.invoke(Method.java:568)
at io.cucumber.java.Invoker.doInvoke(Invoker.java:66)
at io.cucumber.java.Invoker.invoke(Invoker.java:24)
at io.cucumber.java.AbstractGlueDefinition.invokeMethod(AbstractGlueDefinition.java:47)
at io.cucumber.java.JavaStepDefinition.execute(JavaStepDefinition.java:29)
at io.cucumber.core.runner.CoreStepDefinition.execute(CoreStepDefinition.java:66)
at io.cucumber.core.runner.PickleStepDefinitionMatch.runStep(PickleStepDefinitionMatch.java:63)
at io.cucumber.core.runner.ExecutionMode$1.execute(ExecutionMode.java:10)
at io.cucumber.core.runner.TestStep.executeStep(TestStep.java:81)
at io.cucumber.core.runner.TestStep.run(TestStep.java:53)
at io.cucumber.core.runner.PickleStepTestStep.run(PickleStepTestStep.java:51)
at io.cucumber.core.runner.TestCase.run(TestCase.java:84)
at io.cucumber.core.runner.Runner.runPickle(Runner.java:75)
at io.cucumber.testng.TestNGCucumberRunner.lambda$runScenario$1(TestNGCucumberRunner.java:132)
at io.cucumber.core.runtime.CucumberExecutionContext.lambda$runTestCase$5(CucumberExecutionContext.java:136)
at io.cucumber.core.runtime.RethrowingThrowableCollector.executeAndThrow(RethrowingThrowableCollector.java:23)
at io.cucumber.core.runtime.CucumberExecutionContext.runTestCase(CucumberExecutionContext.java:136)
at io.cucumber.testng.TestNGCucumberRunner.runScenario(TestNGCucumberRunner.java:129)
at io.cucumber.testng.AbstractTestNGCucumberTests.runScenario(AbstractTestNGCucumberTests.java:35)
at jdk.internal.reflect.GeneratedMethodAccessor185.invoke(Unknown Source)
at java.base/jdk.internal.reflect.DelegatingMethodAccessorImpl.invoke(DelegatingMethodAccessorImpl.java:43)
at java.base/java.lang.reflect.Method.invoke(Method.java:568)
at org.testng.internal.invokers.MethodInvocationHelper.invokeMethod(MethodInvocationHelper.java:141)
at org.testng.internal.invokers.TestInvoker.invokeMethod(TestInvoker.java:686)
at org.testng.internal.invokers.TestInvoker.invokeTestMethod(TestInvoker.java:230)
at org.testng.internal.invokers.MethodRunner.runInSequence(MethodRunner.java:63)
at org.testng.internal.invokers.TestInvoker$MethodInvocationAgent.invoke(TestInvoker.java:992)
at org.testng.internal.invokers.TestInvoker.invokeTestMethods(TestInvoker.java:203)
at org.testng.internal.invokers.TestMethodWorker.invokeTestMethods(TestMethodWorker.java:154)
at org.testng.internal.invokers.TestMethodWorker.run(TestMethodWorker.java:134)
at java.base/java.util.ArrayList.forEach(ArrayList.java:1511)
at org.testng.TestRunner.privateRun(TestRunner.java:739)
at org.testng.TestRunner.run(TestRunner.java:614)
at org.testng.SuiteRunner.runTest(SuiteRunner.java:421)
at org.testng.SuiteRunner.runSequentially(SuiteRunner.java:413)
at org.testng.SuiteRunner.privateRun(SuiteRunner.java:373)
at org.testng.SuiteRunner.run(SuiteRunner.java:312)
at org.testng.SuiteRunnerWorker.runSuite(SuiteRunnerWorker.java:52)
at org.testng.SuiteRunnerWorker.run(SuiteRunnerWorker.java:95)
at org.testng.TestNG.runSuitesSequentially(TestNG.java:1274)
at org.testng.TestNG.runSuitesLocally(TestNG.java:1208)
at org.testng.TestNG.runSuites(TestNG.java:1112)
at org.testng.TestNG.run(TestNG.java:1079)
at org.testng.remote.AbstractRemoteTestNG.run(AbstractRemoteTestNG.java:115)
at org.testng.remote.RemoteTestNG.initAndRun(RemoteTestNG.java:293)
at org.testng.remote.RemoteTestNG.main(RemoteTestNG.java:91)
]]>
            </full-stacktrace>
          </exception> <!-- org.openqa.selenium.TimeoutException -->
          <reporter-output>
          </reporter-output>
        </test-method> <!-- runScenario -->
        <test-method signature="runScenario(io.cucumber.testng.PickleWrapper,io.cucumber.testng.FeatureWrapper)[pri:0, instance:com.Capium365.RunnerFiles.Capium365_Receipts_Receipts_Runner@561b6512]" started-at="2025-08-21T20:49:52 IST" name="runScenario" description="Runs Cucumber Scenarios" data-provider="scenarios" finished-at="2025-08-21T20:50:43 IST" duration-ms="51883" status="PASS">
          <params>
            <param index="0">
              <value>
                <![CDATA["Action panel should appear on selecting a row checkbox"]]>
              </value>
            </param>
            <param index="1">
              <value>
                <![CDATA["Receipts"]]>
              </value>
            </param>
          </params>
          <reporter-output>
          </reporter-output>
        </test-method> <!-- runScenario -->
        <test-method signature="runScenario(io.cucumber.testng.PickleWrapper,io.cucumber.testng.FeatureWrapper)[pri:0, instance:com.Capium365.RunnerFiles.Capium365_Receipts_Receipts_Runner@561b6512]" started-at="2025-08-21T20:50:43 IST" name="runScenario" description="Runs Cucumber Scenarios" data-provider="scenarios" finished-at="2025-08-21T20:51:42 IST" duration-ms="58951" status="PASS">
          <params>
            <param index="0">
              <value>
                <![CDATA["Edit selected invoice using Bulk Edit"]]>
              </value>
            </param>
            <param index="1">
              <value>
                <![CDATA["Receipts"]]>
              </value>
            </param>
          </params>
          <reporter-output>
          </reporter-output>
        </test-method> <!-- runScenario -->
        <test-method signature="runScenario(io.cucumber.testng.PickleWrapper,io.cucumber.testng.FeatureWrapper)[pri:0, instance:com.Capium365.RunnerFiles.Capium365_Receipts_Receipts_Runner@561b6512]" started-at="2025-08-21T20:51:42 IST" name="runScenario" description="Runs Cucumber Scenarios" data-provider="scenarios" finished-at="2025-08-21T20:52:45 IST" duration-ms="62235" status="PASS">
          <params>
            <param index="0">
              <value>
                <![CDATA["Delete selected invoice using Delete action"]]>
              </value>
            </param>
            <param index="1">
              <value>
                <![CDATA["Receipts"]]>
              </value>
            </param>
          </params>
          <reporter-output>
          </reporter-output>
        </test-method> <!-- runScenario -->
        <test-method signature="runScenario(io.cucumber.testng.PickleWrapper,io.cucumber.testng.FeatureWrapper)[pri:0, instance:com.Capium365.RunnerFiles.Capium365_Receipts_Receipts_Runner@561b6512]" started-at="2025-08-21T20:52:45 IST" name="runScenario" description="Runs Cucumber Scenarios" data-provider="scenarios" finished-at="2025-08-21T20:53:52 IST" duration-ms="67161" status="PASS">
          <params>
            <param index="0">
              <value>
                <![CDATA["Export selected invoice data to "<Format>""]]>
              </value>
            </param>
            <param index="1">
              <value>
                <![CDATA["Receipts"]]>
              </value>
            </param>
          </params>
          <reporter-output>
          </reporter-output>
        </test-method> <!-- runScenario -->
        <test-method signature="runScenario(io.cucumber.testng.PickleWrapper,io.cucumber.testng.FeatureWrapper)[pri:0, instance:com.Capium365.RunnerFiles.Capium365_Receipts_Receipts_Runner@561b6512]" started-at="2025-08-21T20:53:52 IST" name="runScenario" description="Runs Cucumber Scenarios" data-provider="scenarios" finished-at="2025-08-21T20:55:07 IST" duration-ms="75521" status="PASS">
          <params>
            <param index="0">
              <value>
                <![CDATA["Archive selected invoice"]]>
              </value>
            </param>
            <param index="1">
              <value>
                <![CDATA["Receipts"]]>
              </value>
            </param>
          </params>
          <reporter-output>
          </reporter-output>
        </test-method> <!-- runScenario -->
        <test-method signature="runScenario(io.cucumber.testng.PickleWrapper,io.cucumber.testng.FeatureWrapper)[pri:0, instance:com.Capium365.RunnerFiles.Capium365_Receipts_Receipts_Runner@561b6512]" started-at="2025-08-21T20:55:07 IST" name="runScenario" description="Runs Cucumber Scenarios" data-provider="scenarios" finished-at="2025-08-21T20:56:08 IST" duration-ms="61070" status="PASS">
          <params>
            <param index="0">
              <value>
                <![CDATA["Restore an archived invoice"]]>
              </value>
            </param>
            <param index="1">
              <value>
                <![CDATA["Receipts"]]>
              </value>
            </param>
          </params>
          <reporter-output>
          </reporter-output>
        </test-method> <!-- runScenario -->
        <test-method signature="runScenario(io.cucumber.testng.PickleWrapper,io.cucumber.testng.FeatureWrapper)[pri:0, instance:com.Capium365.RunnerFiles.Capium365_Receipts_Receipts_Runner@561b6512]" started-at="2025-08-21T20:56:08 IST" name="runScenario" description="Runs Cucumber Scenarios" data-provider="scenarios" finished-at="2025-08-21T20:57:22 IST" duration-ms="73719" status="PASS">
          <params>
            <param index="0">
              <value>
                <![CDATA["Action buttons appear on row hover"]]>
              </value>
            </param>
            <param index="1">
              <value>
                <![CDATA["Receipts"]]>
              </value>
            </param>
          </params>
          <reporter-output>
          </reporter-output>
        </test-method> <!-- runScenario -->
        <test-method signature="runScenario(io.cucumber.testng.PickleWrapper,io.cucumber.testng.FeatureWrapper)[pri:0, instance:com.Capium365.RunnerFiles.Capium365_Receipts_Receipts_Runner@561b6512]" started-at="2025-08-21T20:57:22 IST" name="runScenario" description="Runs Cucumber Scenarios" data-provider="scenarios" finished-at="2025-08-21T20:58:30 IST" duration-ms="67526" status="PASS">
          <params>
            <param index="0">
              <value>
                <![CDATA["User clicks the Edit button for a receipt"]]>
              </value>
            </param>
            <param index="1">
              <value>
                <![CDATA["Receipts"]]>
              </value>
            </param>
          </params>
          <reporter-output>
          </reporter-output>
        </test-method> <!-- runScenario -->
        <test-method signature="runScenario(io.cucumber.testng.PickleWrapper,io.cucumber.testng.FeatureWrapper)[pri:0, instance:com.Capium365.RunnerFiles.Capium365_Receipts_Receipts_Runner@561b6512]" started-at="2025-08-21T20:58:30 IST" name="runScenario" description="Runs Cucumber Scenarios" data-provider="scenarios" finished-at="2025-08-21T20:59:22 IST" duration-ms="52117" status="PASS">
          <params>
            <param index="0">
              <value>
                <![CDATA["User clicks the Delete button for a receipt"]]>
              </value>
            </param>
            <param index="1">
              <value>
                <![CDATA["Receipts"]]>
              </value>
            </param>
          </params>
          <reporter-output>
          </reporter-output>
        </test-method> <!-- runScenario -->
        <test-method signature="runScenario(io.cucumber.testng.PickleWrapper,io.cucumber.testng.FeatureWrapper)[pri:0, instance:com.Capium365.RunnerFiles.Capium365_Receipts_Receipts_Runner@561b6512]" started-at="2025-08-21T20:59:22 IST" name="runScenario" description="Runs Cucumber Scenarios" data-provider="scenarios" finished-at="2025-08-21T21:00:07 IST" duration-ms="44957" status="PASS">
          <params>
            <param index="0">
              <value>
                <![CDATA["User clicks the View button for a receipt"]]>
              </value>
            </param>
            <param index="1">
              <value>
                <![CDATA["Receipts"]]>
              </value>
            </param>
          </params>
          <reporter-output>
          </reporter-output>
        </test-method> <!-- runScenario -->
        <test-method signature="runScenario(io.cucumber.testng.PickleWrapper,io.cucumber.testng.FeatureWrapper)[pri:0, instance:com.Capium365.RunnerFiles.Capium365_Receipts_Receipts_Runner@561b6512]" started-at="2025-08-21T21:00:07 IST" name="runScenario" description="Runs Cucumber Scenarios" data-provider="scenarios" finished-at="2025-08-21T21:00:51 IST" duration-ms="43873" status="PASS">
          <params>
            <param index="0">
              <value>
                <![CDATA["User clicks on three dots for a receipt and selects Preview option"]]>
              </value>
            </param>
            <param index="1">
              <value>
                <![CDATA["Receipts"]]>
              </value>
            </param>
          </params>
          <reporter-output>
          </reporter-output>
        </test-method> <!-- runScenario -->
        <test-method signature="runScenario(io.cucumber.testng.PickleWrapper,io.cucumber.testng.FeatureWrapper)[pri:0, instance:com.Capium365.RunnerFiles.Capium365_Receipts_Receipts_Runner@561b6512]" started-at="2025-08-21T21:00:51 IST" name="runScenario" description="Runs Cucumber Scenarios" data-provider="scenarios" finished-at="2025-08-21T21:02:03 IST" duration-ms="72821" status="PASS">
          <params>
            <param index="0">
              <value>
                <![CDATA["User clicks on three dots for a receipt and selects history option"]]>
              </value>
            </param>
            <param index="1">
              <value>
                <![CDATA["Receipts"]]>
              </value>
            </param>
          </params>
          <reporter-output>
          </reporter-output>
        </test-method> <!-- runScenario -->
        <test-method is-config="true" signature="tearDownClass()[pri:0, instance:com.Capium365.RunnerFiles.Capium365_Receipts_Receipts_Runner@561b6512]" started-at="2025-08-21T21:02:03 IST" name="tearDownClass" finished-at="2025-08-21T21:02:04 IST" duration-ms="300" status="PASS">
          <reporter-output>
          </reporter-output>
        </test-method> <!-- tearDownClass -->
      </class> <!-- com.Capium365.RunnerFiles.Capium365_Receipts_Receipts_Runner -->
    </test> <!-- Test -->
  </suite> <!-- Suite -->
</testng-results>
