<?xml version="1.0" encoding="UTF-8"?>
<testng-results ignored="0" total="2" passed="2" failed="0" skipped="0">
  <reporter-output>
  </reporter-output>
  <suite started-at="2025-08-22T15:06:36 IST" name="Default suite" finished-at="2025-08-22T15:08:53 IST" duration-ms="136892">
    <groups>
      <group name="cucumber">
        <method signature="AbstractTestNGCucumberTests.runScenario(io.cucumber.testng.PickleWrapper,io.cucumber.testng.FeatureWrapper)[pri:0, instance:com.Capium365.RunnerFiles.Capium365_Dashboard_Runner@8c3b9d]" name="runScenario" class="io.cucumber.testng.AbstractTestNGCucumberTests"/>
      </group> <!-- cucumber -->
    </groups>
    <test started-at="2025-08-22T15:06:36 IST" name="Default test" finished-at="2025-08-22T15:08:53 IST" duration-ms="136892">
      <class name="com.Capium365.RunnerFiles.Capium365_Dashboard_Runner">
        <test-method is-config="true" signature="setUpClass(org.testng.ITestContext)[pri:0, instance:com.Capium365.RunnerFiles.Capium365_Dashboard_Runner@8c3b9d]" started-at="2025-08-22T15:06:36 IST" name="setUpClass" finished-at="2025-08-22T15:06:40 IST" duration-ms="3598" status="PASS">
          <params>
            <param index="0">
              <value>
                <![CDATA[org.testng.TestRunner@780546f8]]>
              </value>
            </param>
          </params>
          <reporter-output>
          </reporter-output>
        </test-method> <!-- setUpClass -->
        <test-method signature="runScenario(io.cucumber.testng.PickleWrapper,io.cucumber.testng.FeatureWrapper)[pri:0, instance:com.Capium365.RunnerFiles.Capium365_Dashboard_Runner@8c3b9d]" started-at="2025-08-22T15:06:40 IST" name="runScenario" description="Runs Cucumber Scenarios" data-provider="scenarios" finished-at="2025-08-22T15:07:35 IST" duration-ms="55360" status="PASS">
          <params>
            <param index="0">
              <value>
                <![CDATA["Validate Invoice dashboard chart for 'Time Filter'"]]>
              </value>
            </param>
            <param index="1">
              <value>
                <![CDATA["Dashboard Chart Validation"]]>
              </value>
            </param>
          </params>
          <reporter-output>
          </reporter-output>
        </test-method> <!-- runScenario -->
        <test-method signature="runScenario(io.cucumber.testng.PickleWrapper,io.cucumber.testng.FeatureWrapper)[pri:0, instance:com.Capium365.RunnerFiles.Capium365_Dashboard_Runner@8c3b9d]" started-at="2025-08-22T15:07:35 IST" name="runScenario" description="Runs Cucumber Scenarios" data-provider="scenarios" finished-at="2025-08-22T15:08:53 IST" duration-ms="77698" status="PASS">
          <params>
            <param index="0">
              <value>
                <![CDATA["Validate Transactions dashboard chart for 'This Year'"]]>
              </value>
            </param>
            <param index="1">
              <value>
                <![CDATA["Dashboard Chart Validation"]]>
              </value>
            </param>
          </params>
          <reporter-output>
          </reporter-output>
        </test-method> <!-- runScenario -->
        <test-method is-config="true" signature="tearDownClass()[pri:0, instance:com.Capium365.RunnerFiles.Capium365_Dashboard_Runner@8c3b9d]" started-at="2025-08-22T15:08:53 IST" name="tearDownClass" finished-at="2025-08-22T15:08:53 IST" duration-ms="166" status="PASS">
          <reporter-output>
          </reporter-output>
        </test-method> <!-- tearDownClass -->
      </class> <!-- com.Capium365.RunnerFiles.Capium365_Dashboard_Runner -->
    </test> <!-- Default test -->
  </suite> <!-- Default suite -->
</testng-results>
